[ 2016-10-11T08:49:32+08:00 ] 127.0.0.1 /Index/index
INFO: [ app_init ] --START--
INFO: Run Behavior\BuildLiteBehavior [ RunTime:0.000014s ]
INFO: [ app_init ] --END-- [ RunTime:0.000098s ]
INFO: [ app_begin ] --START--
INFO: Run Behavior\ReadHtmlCacheBehavior [ RunTime:0.000058s ]
INFO: [ app_begin ] --END-- [ RunTime:0.000137s ]
ERR: 无法加载控制器:Index/index

[ 2016-10-11T08:49:43+08:00 ] 127.0.0.1 /index/index
INFO: [ app_init ] --START--
INFO: Run Behavior\BuildLiteBehavior [ RunTime:0.000011s ]
INFO: [ app_init ] --END-- [ RunTime:0.000082s ]
INFO: [ app_begin ] --START--
INFO: Run Behavior\ReadHtmlCacheBehavior [ RunTime:0.000036s ]
INFO: [ app_begin ] --END-- [ RunTime:0.000079s ]
ERR: 无法加载控制器:Index/index

[ 2016-10-11T08:49:47+08:00 ] 127.0.0.1 /index/index
INFO: [ app_init ] --START--
INFO: Run Behavior\BuildLiteBehavior [ RunTime:0.000014s ]
INFO: [ app_init ] --END-- [ RunTime:0.000101s ]
INFO: [ app_begin ] --START--
INFO: Run Behavior\ReadHtmlCacheBehavior [ RunTime:0.000054s ]
INFO: [ app_begin ] --END-- [ RunTime:0.000108s ]
ERR: 无法加载控制器:Index/index

[ 2016-10-11T08:50:04+08:00 ] 127.0.0.1 /
INFO: [ app_init ] --START--
INFO: Run Behavior\BuildLiteBehavior [ RunTime:0.000012s ]
INFO: [ app_init ] --END-- [ RunTime:0.000089s ]
INFO: [ app_begin ] --START--
INFO: Run Behavior\ReadHtmlCacheBehavior [ RunTime:0.000040s ]
INFO: [ app_begin ] --END-- [ RunTime:0.000084s ]
INFO: [ app_end ] --START--
INFO: Run Behavior\ShowPageTraceBehavior [ RunTime:0.000078s ]
INFO: [ app_end ] --END-- [ RunTime:0.000145s ]

[ 2016-10-11T08:50:12+08:00 ] 127.0.0.1 /index/shuchu
INFO: [ app_init ] --START--
INFO: Run Behavior\BuildLiteBehavior [ RunTime:0.000012s ]
INFO: [ app_init ] --END-- [ RunTime:0.000100s ]
INFO: [ app_begin ] --START--
INFO: Run Behavior\ReadHtmlCacheBehavior [ RunTime:0.000042s ]
INFO: [ app_begin ] --END-- [ RunTime:0.000089s ]
ERR: 无法加载控制器:Index/shuchu

[ 2016-10-11T08:50:25+08:00 ] 127.0.0.1 /index-shuchu
INFO: [ app_init ] --START--
INFO: Run Behavior\BuildLiteBehavior [ RunTime:0.000013s ]
INFO: [ app_init ] --END-- [ RunTime:0.000091s ]
INFO: [ app_begin ] --START--
INFO: Run Behavior\ReadHtmlCacheBehavior [ RunTime:0.000041s ]
INFO: [ app_begin ] --END-- [ RunTime:0.000087s ]
INFO: [ app_end ] --START--
INFO: Run Behavior\ShowPageTraceBehavior [ RunTime:0.000057s ]
INFO: [ app_end ] --END-- [ RunTime:0.000106s ]

[ 2016-10-11T08:50:40+08:00 ] 127.0.0.1 /config-index
INFO: [ app_init ] --START--
INFO: Run Behavior\BuildLiteBehavior [ RunTime:0.000013s ]
INFO: [ app_init ] --END-- [ RunTime:0.000097s ]
INFO: [ app_begin ] --START--
INFO: Run Behavior\ReadHtmlCacheBehavior [ RunTime:0.000040s ]
INFO: [ app_begin ] --END-- [ RunTime:0.000085s ]
ERR: 非法操作:index

[ 2016-10-11T08:50:49+08:00 ] 127.0.0.1 /config-testbehavior
INFO: [ app_init ] --START--
INFO: Run Behavior\BuildLiteBehavior [ RunTime:0.000024s ]
INFO: [ app_init ] --END-- [ RunTime:0.000123s ]
INFO: [ app_begin ] --START--
INFO: Run Behavior\ReadHtmlCacheBehavior [ RunTime:0.000041s ]
INFO: [ app_begin ] --END-- [ RunTime:0.000087s ]
INFO: [ app_end ] --START--
INFO: Run Behavior\ShowPageTraceBehavior [ RunTime:0.000042s ]
INFO: [ app_end ] --END-- [ RunTime:0.000112s ]

[ 2016-10-11T08:54:27+08:00 ] 127.0.0.1 /config-testbehavior
INFO: [ app_init ] --START--
INFO: Run Behavior\BuildLiteBehavior [ RunTime:0.000012s ]
INFO: [ app_init ] --END-- [ RunTime:0.000160s ]
INFO: [ app_begin ] --START--
INFO: Run Behavior\ReadHtmlCacheBehavior [ RunTime:0.000035s ]
INFO: [ app_begin ] --END-- [ RunTime:0.000076s ]
INFO: [ app_end ] --START--
INFO: Run Behavior\ShowPageTraceBehavior [ RunTime:0.000040s ]
ERR: Class 'TestBehavior' not found

[ 2016-10-11T08:54:43+08:00 ] 127.0.0.1 /config-testbehavior
INFO: [ app_init ] --START--
INFO: Run Behavior\BuildLiteBehavior [ RunTime:0.000013s ]
INFO: [ app_init ] --END-- [ RunTime:0.000065s ]
INFO: [ app_begin ] --START--
INFO: Run Behavior\ReadHtmlCacheBehavior [ RunTime:0.000041s ]
INFO: [ app_begin ] --END-- [ RunTime:0.000088s ]
INFO: [ app_end ] --START--
INFO: Run Behavior\ShowPageTraceBehavior [ RunTime:0.000042s ]
INFO: [ app_end ] --END-- [ RunTime:0.000086s ]

[ 2016-10-11T08:54:50+08:00 ] 127.0.0.1 /config-testbehavior
INFO: [ app_init ] --START--
INFO: Run Behavior\BuildLiteBehavior [ RunTime:0.000012s ]
INFO: [ app_init ] --END-- [ RunTime:0.000086s ]
INFO: [ app_begin ] --START--
INFO: Run Behavior\ReadHtmlCacheBehavior [ RunTime:0.000035s ]
INFO: [ app_begin ] --END-- [ RunTime:0.000085s ]
INFO: [ app_end ] --START--
INFO: Run Behavior\ShowPageTraceBehavior [ RunTime:0.000034s ]
ERR: Class 'TestBehavior' not found

[ 2016-10-11T08:55:54+08:00 ] 127.0.0.1 /config-testbehavior
INFO: [ app_init ] --START--
INFO: Run Behavior\BuildLiteBehavior [ RunTime:0.000012s ]
INFO: [ app_init ] --END-- [ RunTime:0.000093s ]
INFO: [ app_begin ] --START--
INFO: Run Behavior\ReadHtmlCacheBehavior [ RunTime:0.000040s ]
INFO: [ app_begin ] --END-- [ RunTime:0.000085s ]
INFO: [ app_end ] --START--
INFO: Run Behavior\ShowPageTraceBehavior [ RunTime:0.000041s ]
ERR: Class 'TestBehavior' not found

[ 2016-10-11T08:55:58+08:00 ] 127.0.0.1 /config-testbehavior
INFO: [ app_init ] --START--
INFO: Run Behavior\BuildLiteBehavior [ RunTime:0.000013s ]
INFO: [ app_init ] --END-- [ RunTime:0.000087s ]
INFO: [ app_begin ] --START--
INFO: Run Behavior\ReadHtmlCacheBehavior [ RunTime:0.000040s ]
INFO: [ app_begin ] --END-- [ RunTime:0.000085s ]
INFO: [ app_end ] --START--
INFO: Run Behavior\ShowPageTraceBehavior [ RunTime:0.000039s ]
ERR: Class 'TestBehavior' not found

[ 2016-10-11T08:56:07+08:00 ] 127.0.0.1 /config-testbehavior
INFO: [ app_init ] --START--
INFO: Run Behavior\BuildLiteBehavior [ RunTime:0.000025s ]
INFO: [ app_init ] --END-- [ RunTime:0.000117s ]
INFO: [ app_begin ] --START--
INFO: Run Behavior\ReadHtmlCacheBehavior [ RunTime:0.000040s ]
INFO: [ app_begin ] --END-- [ RunTime:0.000085s ]
INFO: [ app_end ] --START--
INFO: Run Behavior\ShowPageTraceBehavior [ RunTime:0.000042s ]
ERR: Class 'TestBehavior' not found

[ 2016-10-11T08:56:10+08:00 ] 127.0.0.1 /config-testbehavior
INFO: [ app_init ] --START--
INFO: Run Behavior\BuildLiteBehavior [ RunTime:0.000013s ]
INFO: [ app_init ] --END-- [ RunTime:0.000093s ]
INFO: [ app_begin ] --START--
INFO: Run Behavior\ReadHtmlCacheBehavior [ RunTime:0.000041s ]
INFO: [ app_begin ] --END-- [ RunTime:0.000086s ]
INFO: [ app_end ] --START--
INFO: Run Behavior\ShowPageTraceBehavior [ RunTime:0.000041s ]
ERR: Class 'TestBehavior' not found

[ 2016-10-11T08:56:55+08:00 ] 127.0.0.1 /config-testbehavior
INFO: [ app_init ] --START--
INFO: Run Behavior\BuildLiteBehavior [ RunTime:0.000014s ]
INFO: [ app_init ] --END-- [ RunTime:0.000096s ]
INFO: [ app_begin ] --START--
INFO: Run Behavior\ReadHtmlCacheBehavior [ RunTime:0.000042s ]
INFO: [ app_begin ] --END-- [ RunTime:0.000089s ]
INFO: [ app_end ] --START--
INFO: Run Behavior\ShowPageTraceBehavior [ RunTime:0.000042s ]
ERR: Class 'Home\Behavior\TestBehavior' not found

[ 2016-10-11T08:57:11+08:00 ] 127.0.0.1 /config-testbehavior
INFO: [ app_init ] --START--
INFO: Run Behavior\BuildLiteBehavior [ RunTime:0.000013s ]
INFO: [ app_init ] --END-- [ RunTime:0.000095s ]
INFO: [ app_begin ] --START--
INFO: Run Behavior\ReadHtmlCacheBehavior [ RunTime:0.000042s ]
INFO: [ app_begin ] --END-- [ RunTime:0.000088s ]
INFO: [ app_end ] --START--
INFO: Run Behavior\ShowPageTraceBehavior [ RunTime:0.000041s ]
INFO: Run Home\Behaviors\TestBehavior [ RunTime:0.005018s ]
INFO: [ app_end ] --END-- [ RunTime:0.005152s ]

[ 2016-10-11T09:05:01+08:00 ] 127.0.0.1 /config-testbehavior
INFO: [ app_init ] --START--
INFO: Run Behavior\BuildLiteBehavior [ RunTime:0.000012s ]
INFO: [ app_init ] --END-- [ RunTime:0.000092s ]
INFO: [ app_begin ] --START--
INFO: Run Behavior\ReadHtmlCacheBehavior [ RunTime:0.000065s ]
INFO: [ app_begin ] --END-- [ RunTime:0.000122s ]
INFO: [ my_tag ] --START--
INFO: Run Home\Behaviors\TestBehavior [ RunTime:0.000088s ]
INFO: [ my_tag ] --END-- [ RunTime:0.000137s ]
INFO: [ app_end ] --START--
INFO: Run Behavior\ShowPageTraceBehavior [ RunTime:0.000033s ]
INFO: [ app_end ] --END-- [ RunTime:0.000067s ]

[ 2016-10-11T09:05:03+08:00 ] 127.0.0.1 /config-testbehavior
INFO: [ app_init ] --START--
INFO: Run Behavior\BuildLiteBehavior [ RunTime:0.000012s ]
INFO: [ app_init ] --END-- [ RunTime:0.000092s ]
INFO: [ app_begin ] --START--
INFO: Run Behavior\ReadHtmlCacheBehavior [ RunTime:0.000035s ]
INFO: [ app_begin ] --END-- [ RunTime:0.000080s ]
INFO: [ my_tag ] --START--
INFO: Run Home\Behaviors\TestBehavior [ RunTime:0.000075s ]
INFO: [ my_tag ] --END-- [ RunTime:0.000135s ]
INFO: [ app_end ] --START--
INFO: Run Behavior\ShowPageTraceBehavior [ RunTime:0.000033s ]
INFO: [ app_end ] --END-- [ RunTime:0.000070s ]

[ 2016-10-11T09:05:14+08:00 ] 127.0.0.1 /config-testbehavior
INFO: [ app_init ] --START--
INFO: Run Behavior\BuildLiteBehavior [ RunTime:0.000014s ]
INFO: [ app_init ] --END-- [ RunTime:0.000138s ]
INFO: [ app_begin ] --START--
INFO: Run Behavior\ReadHtmlCacheBehavior [ RunTime:0.000042s ]
INFO: [ app_begin ] --END-- [ RunTime:0.000087s ]
INFO: [ app_end ] --START--
INFO: Run Behavior\ShowPageTraceBehavior [ RunTime:0.000048s ]
INFO: [ app_end ] --END-- [ RunTime:0.000097s ]

[ 2016-10-11T09:05:16+08:00 ] 127.0.0.1 /config-testbehavior
INFO: [ app_init ] --START--
INFO: Run Behavior\BuildLiteBehavior [ RunTime:0.000012s ]
INFO: [ app_init ] --END-- [ RunTime:0.000078s ]
INFO: [ app_begin ] --START--
INFO: Run Behavior\ReadHtmlCacheBehavior [ RunTime:0.000034s ]
INFO: [ app_begin ] --END-- [ RunTime:0.000077s ]
INFO: [ app_end ] --START--
INFO: Run Behavior\ShowPageTraceBehavior [ RunTime:0.000035s ]
INFO: [ app_end ] --END-- [ RunTime:0.000078s ]

[ 2016-10-11T09:05:21+08:00 ] 127.0.0.1 /config-testbehavior
INFO: [ app_init ] --START--
INFO: Run Behavior\BuildLiteBehavior [ RunTime:0.000012s ]
INFO: [ app_init ] --END-- [ RunTime:0.000080s ]
INFO: [ app_begin ] --START--
INFO: Run Behavior\ReadHtmlCacheBehavior [ RunTime:0.000038s ]
INFO: [ app_begin ] --END-- [ RunTime:0.000079s ]
INFO: [ my_tag ] --START--
INFO: Run Home\Behaviors\TestBehavior [ RunTime:0.000081s ]
INFO: [ my_tag ] --END-- [ RunTime:0.000131s ]
INFO: [ app_end ] --START--
INFO: Run Behavior\ShowPageTraceBehavior [ RunTime:0.000098s ]
INFO: [ app_end ] --END-- [ RunTime:0.000175s ]

[ 2016-10-11T09:39:32+08:00 ] 127.0.0.1 /config-testNamesAuth
INFO: [ app_init ] --START--
INFO: Run Behavior\BuildLiteBehavior [ RunTime:0.000013s ]
INFO: [ app_init ] --END-- [ RunTime:0.000102s ]
INFO: [ app_begin ] --START--
INFO: Run Behavior\ReadHtmlCacheBehavior [ RunTime:0.000041s ]
INFO: [ app_begin ] --END-- [ RunTime:0.000085s ]
ERR: Undefined constant 'Org\Util'

[ 2016-10-11T09:40:55+08:00 ] 127.0.0.1 /config-testNamesAuth
INFO: [ app_init ] --START--
INFO: Run Behavior\BuildLiteBehavior [ RunTime:0.000013s ]
INFO: [ app_init ] --END-- [ RunTime:0.000102s ]
INFO: [ app_begin ] --START--
INFO: Run Behavior\ReadHtmlCacheBehavior [ RunTime:0.000041s ]
INFO: [ app_begin ] --END-- [ RunTime:0.000087s ]
INFO: [ app_end ] --START--
INFO: Run Behavior\ShowPageTraceBehavior [ RunTime:0.000175s ]
INFO: [ app_end ] --END-- [ RunTime:0.000226s ]

[ 2016-10-11T09:40:57+08:00 ] 127.0.0.1 /config-testNamesAuth
INFO: [ app_init ] --START--
INFO: Run Behavior\BuildLiteBehavior [ RunTime:0.000013s ]
INFO: [ app_init ] --END-- [ RunTime:0.000082s ]
INFO: [ app_begin ] --START--
INFO: Run Behavior\ReadHtmlCacheBehavior [ RunTime:0.000035s ]
INFO: [ app_begin ] --END-- [ RunTime:0.000080s ]
INFO: [ app_end ] --START--
INFO: Run Behavior\ShowPageTraceBehavior [ RunTime:0.000032s ]
INFO: [ app_end ] --END-- [ RunTime:0.000077s ]

[ 2016-10-11T09:47:59+08:00 ] 127.0.0.1 /config-testNamesAuth
INFO: [ app_init ] --START--
INFO: Run Behavior\BuildLiteBehavior [ RunTime:0.000012s ]
INFO: [ app_init ] --END-- [ RunTime:0.000092s ]
INFO: [ app_begin ] --START--
INFO: Run Behavior\ReadHtmlCacheBehavior [ RunTime:0.000041s ]
INFO: [ app_begin ] --END-- [ RunTime:0.000085s ]
ERR: Class 'Home\Controller\Logic\Auth' not found

[ 2016-10-11T09:48:01+08:00 ] 127.0.0.1 /config-testNamesAuth
INFO: [ app_init ] --START--
INFO: Run Behavior\BuildLiteBehavior [ RunTime:0.000012s ]
INFO: [ app_init ] --END-- [ RunTime:0.000081s ]
INFO: [ app_begin ] --START--
INFO: Run Behavior\ReadHtmlCacheBehavior [ RunTime:0.000035s ]
INFO: [ app_begin ] --END-- [ RunTime:0.000080s ]
ERR: Class 'Home\Controller\Logic\Auth' not found

[ 2016-10-11T09:48:20+08:00 ] 127.0.0.1 /config-testNamesAuth
INFO: [ app_init ] --START--
INFO: Run Behavior\BuildLiteBehavior [ RunTime:0.000013s ]
INFO: [ app_init ] --END-- [ RunTime:0.000092s ]
INFO: [ app_begin ] --START--
INFO: Run Behavior\ReadHtmlCacheBehavior [ RunTime:0.000044s ]
INFO: [ app_begin ] --END-- [ RunTime:0.000096s ]
INFO: [ app_end ] --START--
INFO: Run Behavior\ShowPageTraceBehavior [ RunTime:0.000047s ]
INFO: [ app_end ] --END-- [ RunTime:0.000096s ]

[ 2016-10-11T09:48:23+08:00 ] 127.0.0.1 /config-testNamesAuth
INFO: [ app_init ] --START--
INFO: Run Behavior\BuildLiteBehavior [ RunTime:0.000012s ]
INFO: [ app_init ] --END-- [ RunTime:0.000092s ]
INFO: [ app_begin ] --START--
INFO: Run Behavior\ReadHtmlCacheBehavior [ RunTime:0.000040s ]
INFO: [ app_begin ] --END-- [ RunTime:0.000085s ]
INFO: [ app_end ] --START--
INFO: Run Behavior\ShowPageTraceBehavior [ RunTime:0.000038s ]
INFO: [ app_end ] --END-- [ RunTime:0.000083s ]

[ 2016-10-11T09:48:24+08:00 ] 127.0.0.1 /config-testNamesAuth
INFO: [ app_init ] --START--
INFO: Run Behavior\BuildLiteBehavior [ RunTime:0.000012s ]
INFO: [ app_init ] --END-- [ RunTime:0.000079s ]
INFO: [ app_begin ] --START--
INFO: Run Behavior\ReadHtmlCacheBehavior [ RunTime:0.000036s ]
INFO: [ app_begin ] --END-- [ RunTime:0.000080s ]
INFO: [ app_end ] --START--
INFO: Run Behavior\ShowPageTraceBehavior [ RunTime:0.000034s ]
INFO: [ app_end ] --END-- [ RunTime:0.000079s ]

[ 2016-10-11T09:48:25+08:00 ] 127.0.0.1 /config-testNamesAuth
INFO: [ app_init ] --START--
INFO: Run Behavior\BuildLiteBehavior [ RunTime:0.000013s ]
INFO: [ app_init ] --END-- [ RunTime:0.000080s ]
INFO: [ app_begin ] --START--
INFO: Run Behavior\ReadHtmlCacheBehavior [ RunTime:0.000038s ]
INFO: [ app_begin ] --END-- [ RunTime:0.000084s ]
INFO: [ app_end ] --START--
INFO: Run Behavior\ShowPageTraceBehavior [ RunTime:0.000032s ]
INFO: [ app_end ] --END-- [ RunTime:0.000077s ]

[ 2016-10-11T09:48:58+08:00 ] 127.0.0.1 /config-testNamesAuth
INFO: [ app_init ] --START--
INFO: Run Behavior\BuildLiteBehavior [ RunTime:0.000013s ]
INFO: [ app_init ] --END-- [ RunTime:0.000093s ]
INFO: [ app_begin ] --START--
INFO: Run Behavior\ReadHtmlCacheBehavior [ RunTime:0.000041s ]
INFO: [ app_begin ] --END-- [ RunTime:0.000087s ]
ERR: Class 'Home\Controller\Auth' not found

[ 2016-10-11T09:49:19+08:00 ] 127.0.0.1 /config-testNamesAuth
INFO: [ app_init ] --START--
INFO: Run Behavior\BuildLiteBehavior [ RunTime:0.000011s ]
INFO: [ app_init ] --END-- [ RunTime:0.000078s ]
INFO: [ app_begin ] --START--
INFO: Run Behavior\ReadHtmlCacheBehavior [ RunTime:0.000034s ]
INFO: [ app_begin ] --END-- [ RunTime:0.000074s ]
INFO: [ app_end ] --START--
INFO: Run Behavior\ShowPageTraceBehavior [ RunTime:0.000034s ]
INFO: [ app_end ] --END-- [ RunTime:0.000077s ]

[ 2016-10-11T09:49:20+08:00 ] 127.0.0.1 /config-testNamesAuth
INFO: [ app_init ] --START--
INFO: Run Behavior\BuildLiteBehavior [ RunTime:0.000012s ]
INFO: [ app_init ] --END-- [ RunTime:0.000080s ]
INFO: [ app_begin ] --START--
INFO: Run Behavior\ReadHtmlCacheBehavior [ RunTime:0.000036s ]
INFO: [ app_begin ] --END-- [ RunTime:0.000080s ]
INFO: [ app_end ] --START--
INFO: Run Behavior\ShowPageTraceBehavior [ RunTime:0.000032s ]
INFO: [ app_end ] --END-- [ RunTime:0.000076s ]

[ 2016-10-11T09:49:21+08:00 ] 127.0.0.1 /config-testNamesAuth
INFO: [ app_init ] --START--
INFO: Run Behavior\BuildLiteBehavior [ RunTime:0.000012s ]
INFO: [ app_init ] --END-- [ RunTime:0.000079s ]
INFO: [ app_begin ] --START--
INFO: Run Behavior\ReadHtmlCacheBehavior [ RunTime:0.000036s ]
INFO: [ app_begin ] --END-- [ RunTime:0.000080s ]
INFO: [ app_end ] --START--
INFO: Run Behavior\ShowPageTraceBehavior [ RunTime:0.000033s ]
INFO: [ app_end ] --END-- [ RunTime:0.000077s ]

[ 2016-10-11T09:49:21+08:00 ] 127.0.0.1 /config-testNamesAuth
INFO: [ app_init ] --START--
INFO: Run Behavior\BuildLiteBehavior [ RunTime:0.000012s ]
INFO: [ app_init ] --END-- [ RunTime:0.000080s ]
INFO: [ app_begin ] --START--
INFO: Run Behavior\ReadHtmlCacheBehavior [ RunTime:0.000048s ]
INFO: [ app_begin ] --END-- [ RunTime:0.000104s ]
INFO: [ app_end ] --START--
INFO: Run Behavior\ShowPageTraceBehavior [ RunTime:0.000032s ]
INFO: [ app_end ] --END-- [ RunTime:0.000077s ]

[ 2016-10-11T09:49:22+08:00 ] 127.0.0.1 /config-testNamesAuth
INFO: [ app_init ] --START--
INFO: Run Behavior\BuildLiteBehavior [ RunTime:0.000012s ]
INFO: [ app_init ] --END-- [ RunTime:0.000089s ]
INFO: [ app_begin ] --START--
INFO: Run Behavior\ReadHtmlCacheBehavior [ RunTime:0.000042s ]
INFO: [ app_begin ] --END-- [ RunTime:0.000087s ]
INFO: [ app_end ] --START--
INFO: Run Behavior\ShowPageTraceBehavior [ RunTime:0.000037s ]
INFO: [ app_end ] --END-- [ RunTime:0.000084s ]

[ 2016-10-11T09:49:23+08:00 ] 127.0.0.1 /config-testNamesAuth
INFO: [ app_init ] --START--
INFO: Run Behavior\BuildLiteBehavior [ RunTime:0.000015s ]
INFO: [ app_init ] --END-- [ RunTime:0.000123s ]
INFO: [ app_begin ] --START--
INFO: Run Behavior\ReadHtmlCacheBehavior [ RunTime:0.000042s ]
INFO: [ app_begin ] --END-- [ RunTime:0.000101s ]
INFO: [ app_end ] --START--
INFO: Run Behavior\ShowPageTraceBehavior [ RunTime:0.000039s ]
INFO: [ app_end ] --END-- [ RunTime:0.000096s ]

[ 2016-10-11T09:49:23+08:00 ] 127.0.0.1 /config-testNamesAuth
INFO: [ app_init ] --START--
INFO: Run Behavior\BuildLiteBehavior [ RunTime:0.000012s ]
INFO: [ app_init ] --END-- [ RunTime:0.000081s ]
INFO: [ app_begin ] --START--
INFO: Run Behavior\ReadHtmlCacheBehavior [ RunTime:0.000035s ]
INFO: [ app_begin ] --END-- [ RunTime:0.000080s ]
INFO: [ app_end ] --START--
INFO: Run Behavior\ShowPageTraceBehavior [ RunTime:0.000032s ]
INFO: [ app_end ] --END-- [ RunTime:0.000077s ]

[ 2016-10-11T09:49:24+08:00 ] 127.0.0.1 /config-testNamesAuth
INFO: [ app_init ] --START--
INFO: Run Behavior\BuildLiteBehavior [ RunTime:0.000013s ]
INFO: [ app_init ] --END-- [ RunTime:0.000080s ]
INFO: [ app_begin ] --START--
INFO: Run Behavior\ReadHtmlCacheBehavior [ RunTime:0.000066s ]
INFO: [ app_begin ] --END-- [ RunTime:0.000122s ]
INFO: [ app_end ] --START--
INFO: Run Behavior\ShowPageTraceBehavior [ RunTime:0.000033s ]
INFO: [ app_end ] --END-- [ RunTime:0.000077s ]

[ 2016-10-11T09:56:06+08:00 ] 127.0.0.1 /config-testNamesAuth
INFO: [ app_init ] --START--
INFO: Run Behavior\BuildLiteBehavior [ RunTime:0.000013s ]
INFO: [ app_init ] --END-- [ RunTime:0.000095s ]
INFO: [ app_begin ] --START--
INFO: Run Behavior\ReadHtmlCacheBehavior [ RunTime:0.000040s ]
INFO: [ app_begin ] --END-- [ RunTime:0.000086s ]
ERR: Class 'Home\Controller\Auth' not found

[ 2016-10-11T09:56:07+08:00 ] 127.0.0.1 /config-testNamesAuth
INFO: [ app_init ] --START--
INFO: Run Behavior\BuildLiteBehavior [ RunTime:0.000014s ]
INFO: [ app_init ] --END-- [ RunTime:0.000088s ]
INFO: [ app_begin ] --START--
INFO: Run Behavior\ReadHtmlCacheBehavior [ RunTime:0.000042s ]
INFO: [ app_begin ] --END-- [ RunTime:0.000091s ]
ERR: Class 'Home\Controller\Auth' not found

[ 2016-10-11T09:56:26+08:00 ] 127.0.0.1 /config-testNamesAuth
INFO: [ app_init ] --START--
INFO: Run Behavior\BuildLiteBehavior [ RunTime:0.000011s ]
INFO: [ app_init ] --END-- [ RunTime:0.000080s ]
INFO: [ app_begin ] --START--
INFO: Run Behavior\ReadHtmlCacheBehavior [ RunTime:0.000036s ]
INFO: [ app_begin ] --END-- [ RunTime:0.000077s ]
ERR: Class 'Logic\Auth' not found

[ 2016-10-11T09:56:33+08:00 ] 127.0.0.1 /config-testNamesAuth
INFO: [ app_init ] --START--
INFO: Run Behavior\BuildLiteBehavior [ RunTime:0.000013s ]
INFO: [ app_init ] --END-- [ RunTime:0.000095s ]
INFO: [ app_begin ] --START--
INFO: Run Behavior\ReadHtmlCacheBehavior [ RunTime:0.000040s ]
INFO: [ app_begin ] --END-- [ RunTime:0.000084s ]
ERR: Class 'Home\Controller\Logic\Auth' not found

[ 2016-10-11T09:56:51+08:00 ] 127.0.0.1 /config-testNamesAuth
INFO: [ app_init ] --START--
INFO: Run Behavior\BuildLiteBehavior [ RunTime:0.000011s ]
INFO: [ app_init ] --END-- [ RunTime:0.000080s ]
INFO: [ app_begin ] --START--
INFO: Run Behavior\ReadHtmlCacheBehavior [ RunTime:0.000036s ]
INFO: [ app_begin ] --END-- [ RunTime:0.000076s ]
INFO: [ app_end ] --START--
INFO: Run Behavior\ShowPageTraceBehavior [ RunTime:0.000034s ]
INFO: [ app_end ] --END-- [ RunTime:0.000077s ]

[ 2016-10-11T09:56:53+08:00 ] 127.0.0.1 /config-testNamesAuth
INFO: [ app_init ] --START--
INFO: Run Behavior\BuildLiteBehavior [ RunTime:0.000012s ]
INFO: [ app_init ] --END-- [ RunTime:0.000079s ]
INFO: [ app_begin ] --START--
INFO: Run Behavior\ReadHtmlCacheBehavior [ RunTime:0.000037s ]
INFO: [ app_begin ] --END-- [ RunTime:0.000081s ]
INFO: [ app_end ] --START--
INFO: Run Behavior\ShowPageTraceBehavior [ RunTime:0.000032s ]
INFO: [ app_end ] --END-- [ RunTime:0.000076s ]

[ 2016-10-11T09:56:54+08:00 ] 127.0.0.1 /config-testNamesAuth
INFO: [ app_init ] --START--
INFO: Run Behavior\BuildLiteBehavior [ RunTime:0.000013s ]
INFO: [ app_init ] --END-- [ RunTime:0.000091s ]
INFO: [ app_begin ] --START--
INFO: Run Behavior\ReadHtmlCacheBehavior [ RunTime:0.000048s ]
INFO: [ app_begin ] --END-- [ RunTime:0.000094s ]
INFO: [ app_end ] --START--
INFO: Run Behavior\ShowPageTraceBehavior [ RunTime:0.000039s ]
INFO: [ app_end ] --END-- [ RunTime:0.000085s ]

[ 2016-10-11T09:56:55+08:00 ] 127.0.0.1 /config-testNamesAuth
INFO: [ app_init ] --START--
INFO: Run Behavior\BuildLiteBehavior [ RunTime:0.000012s ]
INFO: [ app_init ] --END-- [ RunTime:0.000080s ]
INFO: [ app_begin ] --START--
INFO: Run Behavior\ReadHtmlCacheBehavior [ RunTime:0.000035s ]
INFO: [ app_begin ] --END-- [ RunTime:0.000081s ]
INFO: [ app_end ] --START--
INFO: Run Behavior\ShowPageTraceBehavior [ RunTime:0.000033s ]
INFO: [ app_end ] --END-- [ RunTime:0.000078s ]

[ 2016-10-11T09:57:03+08:00 ] 127.0.0.1 /config-testNamesAuth
INFO: [ app_init ] --START--
INFO: Run Behavior\BuildLiteBehavior [ RunTime:0.000013s ]
INFO: [ app_init ] --END-- [ RunTime:0.000089s ]
INFO: [ app_begin ] --START--
INFO: Run Behavior\ReadHtmlCacheBehavior [ RunTime:0.000041s ]
INFO: [ app_begin ] --END-- [ RunTime:0.000087s ]
ERR: Class 'Home\Controller\Auth' not found

[ 2016-10-11T09:57:14+08:00 ] 127.0.0.1 /config-testNamesAuth
INFO: [ app_init ] --START--
INFO: Run Behavior\BuildLiteBehavior [ RunTime:0.000011s ]
INFO: [ app_init ] --END-- [ RunTime:0.000079s ]
INFO: [ app_begin ] --START--
INFO: Run Behavior\ReadHtmlCacheBehavior [ RunTime:0.000034s ]
INFO: [ app_begin ] --END-- [ RunTime:0.000075s ]
ERR: syntax error, unexpected ';', expecting identifier (T_STRING) or '{'

[ 2016-10-11T09:57:30+08:00 ] 127.0.0.1 /config-testNamesAuth
INFO: [ app_init ] --START--
INFO: Run Behavior\BuildLiteBehavior [ RunTime:0.000013s ]
INFO: [ app_init ] --END-- [ RunTime:0.000092s ]
INFO: [ app_begin ] --START--
INFO: Run Behavior\ReadHtmlCacheBehavior [ RunTime:0.000040s ]
INFO: [ app_begin ] --END-- [ RunTime:0.000086s ]
INFO: [ app_end ] --START--
INFO: Run Behavior\ShowPageTraceBehavior [ RunTime:0.000040s ]
INFO: [ app_end ] --END-- [ RunTime:0.000089s ]

[ 2016-10-11T09:57:43+08:00 ] 127.0.0.1 /config-testNamesAuth
INFO: [ app_init ] --START--
INFO: Run Behavior\BuildLiteBehavior [ RunTime:0.000012s ]
INFO: [ app_init ] --END-- [ RunTime:0.000080s ]
INFO: [ app_begin ] --START--
INFO: Run Behavior\ReadHtmlCacheBehavior [ RunTime:0.000036s ]
INFO: [ app_begin ] --END-- [ RunTime:0.000079s ]
ERR: Class 'Logic\Auth' not found

[ 2016-10-11T09:57:47+08:00 ] 127.0.0.1 /config-testNamesAuth
INFO: [ app_init ] --START--
INFO: Run Behavior\BuildLiteBehavior [ RunTime:0.000013s ]
INFO: [ app_init ] --END-- [ RunTime:0.000094s ]
INFO: [ app_begin ] --START--
INFO: Run Behavior\ReadHtmlCacheBehavior [ RunTime:0.000045s ]
INFO: [ app_begin ] --END-- [ RunTime:0.000093s ]
INFO: [ app_end ] --START--
INFO: Run Behavior\ShowPageTraceBehavior [ RunTime:0.000039s ]
INFO: [ app_end ] --END-- [ RunTime:0.000094s ]

[ 2016-10-11T09:57:49+08:00 ] 127.0.0.1 /config-testNamesAuth
INFO: [ app_init ] --START--
INFO: Run Behavior\BuildLiteBehavior [ RunTime:0.000012s ]
INFO: [ app_init ] --END-- [ RunTime:0.000079s ]
INFO: [ app_begin ] --START--
INFO: Run Behavior\ReadHtmlCacheBehavior [ RunTime:0.000036s ]
INFO: [ app_begin ] --END-- [ RunTime:0.000080s ]
INFO: [ app_end ] --START--
INFO: Run Behavior\ShowPageTraceBehavior [ RunTime:0.000036s ]
INFO: [ app_end ] --END-- [ RunTime:0.000110s ]

[ 2016-10-11T09:57:50+08:00 ] 127.0.0.1 /config-testNamesAuth
INFO: [ app_init ] --START--
INFO: Run Behavior\BuildLiteBehavior [ RunTime:0.000012s ]
INFO: [ app_init ] --END-- [ RunTime:0.000087s ]
INFO: [ app_begin ] --START--
INFO: Run Behavior\ReadHtmlCacheBehavior [ RunTime:0.000041s ]
INFO: [ app_begin ] --END-- [ RunTime:0.000085s ]
INFO: [ app_end ] --START--
INFO: Run Behavior\ShowPageTraceBehavior [ RunTime:0.000041s ]
INFO: [ app_end ] --END-- [ RunTime:0.000086s ]

[ 2016-10-11T10:23:55+08:00 ] 127.0.0.1 /config-testNamesAuth
INFO: [ app_init ] --START--
INFO: Run Behavior\BuildLiteBehavior [ RunTime:0.000012s ]
INFO: [ app_init ] --END-- [ RunTime:0.000100s ]
INFO: [ app_begin ] --START--
INFO: Run Behavior\ReadHtmlCacheBehavior [ RunTime:0.000045s ]
INFO: [ app_begin ] --END-- [ RunTime:0.000095s ]
INFO: [ app_end ] --START--
INFO: Run Behavior\ShowPageTraceBehavior [ RunTime:0.000170s ]
INFO: [ app_end ] --END-- [ RunTime:0.000220s ]

[ 2016-10-11T10:31:22+08:00 ] 127.0.0.1 /config-testNamesAuth
INFO: [ app_init ] --START--
INFO: Run Behavior\BuildLiteBehavior [ RunTime:0.000013s ]
INFO: [ app_init ] --END-- [ RunTime:0.000098s ]
INFO: [ app_begin ] --START--
INFO: Run Behavior\ReadHtmlCacheBehavior [ RunTime:0.000042s ]
INFO: [ app_begin ] --END-- [ RunTime:0.000089s ]
ERR: Class 'Home\Controller\Auth' not found

[ 2016-10-11T10:31:24+08:00 ] 127.0.0.1 /config-testNamesAuth
INFO: [ app_init ] --START--
INFO: Run Behavior\BuildLiteBehavior [ RunTime:0.000012s ]
INFO: [ app_init ] --END-- [ RunTime:0.000086s ]
INFO: [ app_begin ] --START--
INFO: Run Behavior\ReadHtmlCacheBehavior [ RunTime:0.000035s ]
INFO: [ app_begin ] --END-- [ RunTime:0.000079s ]
ERR: Class 'Home\Controller\Auth' not found

[ 2016-10-11T10:32:50+08:00 ] 127.0.0.1 /config-testNamesAuth
INFO: [ app_init ] --START--
INFO: Run Behavior\BuildLiteBehavior [ RunTime:0.000013s ]
INFO: [ app_init ] --END-- [ RunTime:0.000090s ]
INFO: [ app_begin ] --START--
INFO: Run Behavior\ReadHtmlCacheBehavior [ RunTime:0.000046s ]
INFO: [ app_begin ] --END-- [ RunTime:0.000094s ]
ERR: Class 'Home\Controller\Auth' not found

[ 2016-10-11T10:32:52+08:00 ] 127.0.0.1 /config-testNamesAuth
INFO: [ app_init ] --START--
INFO: Run Behavior\BuildLiteBehavior [ RunTime:0.000013s ]
INFO: [ app_init ] --END-- [ RunTime:0.000090s ]
INFO: [ app_begin ] --START--
INFO: Run Behavior\ReadHtmlCacheBehavior [ RunTime:0.000036s ]
INFO: [ app_begin ] --END-- [ RunTime:0.000080s ]
ERR: Class 'Home\Controller\Auth' not found

[ 2016-10-11T10:33:14+08:00 ] 127.0.0.1 /config-testNamesAuth
INFO: [ app_init ] --START--
INFO: Run Behavior\BuildLiteBehavior [ RunTime:0.000013s ]
INFO: [ app_init ] --END-- [ RunTime:0.000099s ]
INFO: [ app_begin ] --START--
INFO: Run Behavior\ReadHtmlCacheBehavior [ RunTime:0.000044s ]
INFO: [ app_begin ] --END-- [ RunTime:0.000092s ]
ERR: Class 'Home\Controller\Auth' not found

[ 2016-10-11T10:33:32+08:00 ] 127.0.0.1 /config-testNamesAuth
INFO: [ app_init ] --START--
INFO: Run Behavior\BuildLiteBehavior [ RunTime:0.000013s ]
INFO: [ app_init ] --END-- [ RunTime:0.000117s ]
INFO: [ app_begin ] --START--
INFO: Run Behavior\ReadHtmlCacheBehavior [ RunTime:0.000041s ]
INFO: [ app_begin ] --END-- [ RunTime:0.000110s ]
ERR: Class 'Auth' not found

[ 2016-10-11T10:35:57+08:00 ] 127.0.0.1 /config-testNamesAuth
INFO: [ app_init ] --START--
INFO: Run Behavior\BuildLiteBehavior [ RunTime:0.000013s ]
INFO: [ app_init ] --END-- [ RunTime:0.000093s ]
INFO: [ app_begin ] --START--
INFO: Run Behavior\ReadHtmlCacheBehavior [ RunTime:0.000041s ]
INFO: [ app_begin ] --END-- [ RunTime:0.000087s ]
ERR: Class 'Auth' not found

[ 2016-10-11T10:35:58+08:00 ] 127.0.0.1 /config-testNamesAuth
INFO: [ app_init ] --START--
INFO: Run Behavior\BuildLiteBehavior [ RunTime:0.000014s ]
INFO: [ app_init ] --END-- [ RunTime:0.000117s ]
INFO: [ app_begin ] --START--
INFO: Run Behavior\ReadHtmlCacheBehavior [ RunTime:0.000041s ]
INFO: [ app_begin ] --END-- [ RunTime:0.000090s ]
ERR: Class 'Auth' not found

[ 2016-10-11T10:35:59+08:00 ] 127.0.0.1 /config-testNamesAuth
INFO: [ app_init ] --START--
INFO: Run Behavior\BuildLiteBehavior [ RunTime:0.000012s ]
INFO: [ app_init ] --END-- [ RunTime:0.000088s ]
INFO: [ app_begin ] --START--
INFO: Run Behavior\ReadHtmlCacheBehavior [ RunTime:0.000035s ]
INFO: [ app_begin ] --END-- [ RunTime:0.000079s ]
ERR: Class 'Auth' not found

[ 2016-10-11T10:36:04+08:00 ] 127.0.0.1 /config-testNamesAuth
INFO: [ app_init ] --START--
INFO: Run Behavior\BuildLiteBehavior [ RunTime:0.000013s ]
INFO: [ app_init ] --END-- [ RunTime:0.000095s ]
INFO: [ app_begin ] --START--
INFO: Run Behavior\ReadHtmlCacheBehavior [ RunTime:0.000042s ]
INFO: [ app_begin ] --END-- [ RunTime:0.000087s ]
ERR: Class 'Auth' not found

[ 2016-10-11T10:36:05+08:00 ] 127.0.0.1 /config-testNamesAuth
INFO: [ app_init ] --START--
INFO: Run Behavior\BuildLiteBehavior [ RunTime:0.000013s ]
INFO: [ app_init ] --END-- [ RunTime:0.000084s ]
INFO: [ app_begin ] --START--
INFO: Run Behavior\ReadHtmlCacheBehavior [ RunTime:0.000039s ]
INFO: [ app_begin ] --END-- [ RunTime:0.000086s ]
ERR: Class 'Auth' not found

[ 2016-10-11T10:36:07+08:00 ] 127.0.0.1 /config-testNamesAuth
INFO: [ app_init ] --START--
INFO: Run Behavior\BuildLiteBehavior [ RunTime:0.000013s ]
INFO: [ app_init ] --END-- [ RunTime:0.000096s ]
INFO: [ app_begin ] --START--
INFO: Run Behavior\ReadHtmlCacheBehavior [ RunTime:0.000048s ]
INFO: [ app_begin ] --END-- [ RunTime:0.000095s ]
ERR: Class 'Auth' not found

[ 2016-10-11T10:36:08+08:00 ] 127.0.0.1 /config-testNamesAuth
INFO: [ app_init ] --START--
INFO: Run Behavior\BuildLiteBehavior [ RunTime:0.000012s ]
INFO: [ app_init ] --END-- [ RunTime:0.000080s ]
INFO: [ app_begin ] --START--
INFO: Run Behavior\ReadHtmlCacheBehavior [ RunTime:0.000035s ]
INFO: [ app_begin ] --END-- [ RunTime:0.000079s ]
ERR: Class 'Auth' not found

[ 2016-10-11T10:36:08+08:00 ] 127.0.0.1 /config-testNamesAuth
INFO: [ app_init ] --START--
INFO: Run Behavior\BuildLiteBehavior [ RunTime:0.000013s ]
INFO: [ app_init ] --END-- [ RunTime:0.000081s ]
INFO: [ app_begin ] --START--
INFO: Run Behavior\ReadHtmlCacheBehavior [ RunTime:0.000037s ]
INFO: [ app_begin ] --END-- [ RunTime:0.000082s ]
ERR: Class 'Auth' not found

[ 2016-10-11T10:36:15+08:00 ] 127.0.0.1 /config-testNamesAuth
INFO: [ app_init ] --START--
INFO: Run Behavior\BuildLiteBehavior [ RunTime:0.000013s ]
INFO: [ app_init ] --END-- [ RunTime:0.000088s ]
INFO: [ app_begin ] --START--
INFO: Run Behavior\ReadHtmlCacheBehavior [ RunTime:0.000040s ]
INFO: [ app_begin ] --END-- [ RunTime:0.000085s ]
ERR: Class 'Home\Controller\Auth' not found

[ 2016-10-11T10:37:01+08:00 ] 127.0.0.1 /config-testNamesAuth
INFO: [ app_init ] --START--
INFO: Run Behavior\BuildLiteBehavior [ RunTime:0.000012s ]
INFO: [ app_init ] --END-- [ RunTime:0.000091s ]
INFO: [ app_begin ] --START--
INFO: Run Behavior\ReadHtmlCacheBehavior [ RunTime:0.000040s ]
INFO: [ app_begin ] --END-- [ RunTime:0.000085s ]
ERR: Class 'Home\Controller\Org\Util\Auth' not found

[ 2016-10-11T10:37:09+08:00 ] 127.0.0.1 /config-testNamesAuth
INFO: [ app_init ] --START--
INFO: Run Behavior\BuildLiteBehavior [ RunTime:0.000014s ]
INFO: [ app_init ] --END-- [ RunTime:0.000092s ]
INFO: [ app_begin ] --START--
INFO: Run Behavior\ReadHtmlCacheBehavior [ RunTime:0.000041s ]
INFO: [ app_begin ] --END-- [ RunTime:0.000086s ]
NOTIC: [2] include(/Volumes/Presentation/Users/aike/Web/webtest/thinktest/Frame/Library\Org\Util\Auth.class.php): failed to open stream: No such file or directory /Volumes/Presentation/Users/aike/Web/webtest/thinktest/Frame/Library/Think/Think.class.php 第 151 行.
NOTIC: [2] include(): Failed opening '/Volumes/Presentation/Users/aike/Web/webtest/thinktest/Frame/Library\Org\Util\Auth.class.php' for inclusion (include_path='.:') /Volumes/Presentation/Users/aike/Web/webtest/thinktest/Frame/Library/Think/Think.class.php 第 151 行.
ERR: Class 'Org\Util\Auth' not found

[ 2016-10-11T10:37:49+08:00 ] 127.0.0.1 /config-testNamesAuth
INFO: [ app_init ] --START--
INFO: Run Behavior\BuildLiteBehavior [ RunTime:0.000013s ]
INFO: [ app_init ] --END-- [ RunTime:0.000088s ]
INFO: [ app_begin ] --START--
INFO: Run Behavior\ReadHtmlCacheBehavior [ RunTime:0.000041s ]
INFO: [ app_begin ] --END-- [ RunTime:0.000085s ]
ERR: Class 'Home\Controller\Org\Util\Auth' not found

[ 2016-10-11T10:37:54+08:00 ] 127.0.0.1 /config-testNamesAuth
INFO: [ app_init ] --START--
INFO: Run Behavior\BuildLiteBehavior [ RunTime:0.000013s ]
INFO: [ app_init ] --END-- [ RunTime:0.000093s ]
INFO: [ app_begin ] --START--
INFO: Run Behavior\ReadHtmlCacheBehavior [ RunTime:0.000040s ]
INFO: [ app_begin ] --END-- [ RunTime:0.000085s ]
NOTIC: [2] include(/Volumes/Presentation/Users/aike/Web/webtest/thinktest/Frame/Library\Org\Util\Auth.class.php): failed to open stream: No such file or directory /Volumes/Presentation/Users/aike/Web/webtest/thinktest/Frame/Library/Think/Think.class.php 第 151 行.
NOTIC: [2] include(): Failed opening '/Volumes/Presentation/Users/aike/Web/webtest/thinktest/Frame/Library\Org\Util\Auth.class.php' for inclusion (include_path='.:') /Volumes/Presentation/Users/aike/Web/webtest/thinktest/Frame/Library/Think/Think.class.php 第 151 行.
ERR: Class 'Org\Util\Auth' not found

[ 2016-10-11T10:42:08+08:00 ] 127.0.0.1 /config-testNamesAuth
INFO: [ app_init ] --START--
INFO: Run Behavior\BuildLiteBehavior [ RunTime:0.000013s ]
INFO: [ app_init ] --END-- [ RunTime:0.000092s ]
INFO: [ app_begin ] --START--
INFO: Run Behavior\ReadHtmlCacheBehavior [ RunTime:0.000043s ]
INFO: [ app_begin ] --END-- [ RunTime:0.000090s ]
ERR: Class 'Home\Controller\Org\Util\Arr' not found

[ 2016-10-11T10:42:10+08:00 ] 127.0.0.1 /config-testNamesAuth
INFO: [ app_init ] --START--
INFO: Run Behavior\BuildLiteBehavior [ RunTime:0.000013s ]
INFO: [ app_init ] --END-- [ RunTime:0.000083s ]
INFO: [ app_begin ] --START--
INFO: Run Behavior\ReadHtmlCacheBehavior [ RunTime:0.000036s ]
INFO: [ app_begin ] --END-- [ RunTime:0.000084s ]
ERR: Class 'Home\Controller\Org\Util\Arr' not found

[ 2016-10-11T10:43:03+08:00 ] 127.0.0.1 /config-testNamesAuth
INFO: [ app_init ] --START--
INFO: Run Behavior\BuildLiteBehavior [ RunTime:0.000012s ]
INFO: [ app_init ] --END-- [ RunTime:0.000090s ]
INFO: [ app_begin ] --START--
INFO: Run Behavior\ReadHtmlCacheBehavior [ RunTime:0.000040s ]
INFO: [ app_begin ] --END-- [ RunTime:0.000086s ]
ERR: Class 'Home\Controller\Org\Util\Arr' not found

[ 2016-10-11T10:43:17+08:00 ] 127.0.0.1 /config-testNamesAuth
INFO: [ app_init ] --START--
INFO: Run Behavior\BuildLiteBehavior [ RunTime:0.000013s ]
INFO: [ app_init ] --END-- [ RunTime:0.000092s ]
INFO: [ app_begin ] --START--
INFO: Run Behavior\ReadHtmlCacheBehavior [ RunTime:0.000041s ]
INFO: [ app_begin ] --END-- [ RunTime:0.000086s ]
NOTIC: [2] include(/Volumes/Presentation/Users/aike/Web/webtest/thinktest/Frame/Library\Org\Util\Arr.php): failed to open stream: No such file or directory /Volumes/Presentation/Users/aike/Web/webtest/thinktest/Frame/Library/Think/Think.class.php 第 151 行.
NOTIC: [2] include(): Failed opening '/Volumes/Presentation/Users/aike/Web/webtest/thinktest/Frame/Library\Org\Util\Arr.php' for inclusion (include_path='.:') /Volumes/Presentation/Users/aike/Web/webtest/thinktest/Frame/Library/Think/Think.class.php 第 151 行.
ERR: Class 'Org\Util\Arr' not found

[ 2016-10-11T10:43:18+08:00 ] 127.0.0.1 /config-testNamesAuth
INFO: [ app_init ] --START--
INFO: Run Behavior\BuildLiteBehavior [ RunTime:0.000014s ]
INFO: [ app_init ] --END-- [ RunTime:0.000137s ]
INFO: [ app_begin ] --START--
INFO: Run Behavior\ReadHtmlCacheBehavior [ RunTime:0.000040s ]
INFO: [ app_begin ] --END-- [ RunTime:0.000088s ]
NOTIC: [2] include(/Volumes/Presentation/Users/aike/Web/webtest/thinktest/Frame/Library\Org\Util\Arr.php): failed to open stream: No such file or directory /Volumes/Presentation/Users/aike/Web/webtest/thinktest/Frame/Library/Think/Think.class.php 第 151 行.
NOTIC: [2] include(): Failed opening '/Volumes/Presentation/Users/aike/Web/webtest/thinktest/Frame/Library\Org\Util\Arr.php' for inclusion (include_path='.:') /Volumes/Presentation/Users/aike/Web/webtest/thinktest/Frame/Library/Think/Think.class.php 第 151 行.
ERR: Class 'Org\Util\Arr' not found

[ 2016-10-11T10:44:15+08:00 ] 127.0.0.1 /config-testNamesAuth
INFO: [ app_init ] --START--
INFO: Run Behavior\BuildLiteBehavior [ RunTime:0.000013s ]
INFO: [ app_init ] --END-- [ RunTime:0.000092s ]
INFO: [ app_begin ] --START--
INFO: Run Behavior\ReadHtmlCacheBehavior [ RunTime:0.000042s ]
INFO: [ app_begin ] --END-- [ RunTime:0.000088s ]
ERR: Class 'Org\Util\Auth' not found

[ 2016-10-11T10:44:17+08:00 ] 127.0.0.1 /config-testNamesAuth
INFO: [ app_init ] --START--
INFO: Run Behavior\BuildLiteBehavior [ RunTime:0.000012s ]
INFO: [ app_init ] --END-- [ RunTime:0.000113s ]
INFO: [ app_begin ] --START--
INFO: Run Behavior\ReadHtmlCacheBehavior [ RunTime:0.000030s ]
INFO: [ app_begin ] --END-- [ RunTime:0.000070s ]
ERR: Class 'Org\Util\Auth' not found

[ 2016-10-11T10:44:29+08:00 ] 127.0.0.1 /config-testNamesAuth
INFO: [ app_init ] --START--
INFO: Run Behavior\BuildLiteBehavior [ RunTime:0.000013s ]
INFO: [ app_init ] --END-- [ RunTime:0.000093s ]
INFO: [ app_begin ] --START--
INFO: Run Behavior\ReadHtmlCacheBehavior [ RunTime:0.000042s ]
INFO: [ app_begin ] --END-- [ RunTime:0.000089s ]
NOTIC: [2] include(/Volumes/Presentation/Users/aike/Web/webtest/thinktest/Frame/Library\Org\Util\Arr.php): failed to open stream: No such file or directory /Volumes/Presentation/Users/aike/Web/webtest/thinktest/Frame/Library/Think/Think.class.php 第 151 行.
NOTIC: [2] include(): Failed opening '/Volumes/Presentation/Users/aike/Web/webtest/thinktest/Frame/Library\Org\Util\Arr.php' for inclusion (include_path='.:') /Volumes/Presentation/Users/aike/Web/webtest/thinktest/Frame/Library/Think/Think.class.php 第 151 行.
ERR: Class 'Org\Util\Arr' not found

[ 2016-10-11T10:45:00+08:00 ] 127.0.0.1 /config-testNamesAuth
INFO: [ app_init ] --START--
INFO: Run Behavior\BuildLiteBehavior [ RunTime:0.000013s ]
INFO: [ app_init ] --END-- [ RunTime:0.000142s ]
INFO: [ app_begin ] --START--
INFO: Run Behavior\ReadHtmlCacheBehavior [ RunTime:0.000042s ]
INFO: [ app_begin ] --END-- [ RunTime:0.000089s ]
NOTIC: [2] include(/Volumes/Presentation/Users/aike/Web/webtest/thinktest/Frame/Library\Org\Util\Arr.php): failed to open stream: No such file or directory /Volumes/Presentation/Users/aike/Web/webtest/thinktest/Frame/Library/Think/Think.class.php 第 151 行.
NOTIC: [2] include(): Failed opening '/Volumes/Presentation/Users/aike/Web/webtest/thinktest/Frame/Library\Org\Util\Arr.php' for inclusion (include_path='.:') /Volumes/Presentation/Users/aike/Web/webtest/thinktest/Frame/Library/Think/Think.class.php 第 151 行.
ERR: Class 'Org\Util\Arr' not found

[ 2016-10-11T10:45:01+08:00 ] 127.0.0.1 /config-testNamesAuth
INFO: [ app_init ] --START--
INFO: Run Behavior\BuildLiteBehavior [ RunTime:0.000014s ]
INFO: [ app_init ] --END-- [ RunTime:0.000133s ]
INFO: [ app_begin ] --START--
INFO: Run Behavior\ReadHtmlCacheBehavior [ RunTime:0.000037s ]
INFO: [ app_begin ] --END-- [ RunTime:0.000084s ]
NOTIC: [2] include(/Volumes/Presentation/Users/aike/Web/webtest/thinktest/Frame/Library\Org\Util\Arr.php): failed to open stream: No such file or directory /Volumes/Presentation/Users/aike/Web/webtest/thinktest/Frame/Library/Think/Think.class.php 第 151 行.
NOTIC: [2] include(): Failed opening '/Volumes/Presentation/Users/aike/Web/webtest/thinktest/Frame/Library\Org\Util\Arr.php' for inclusion (include_path='.:') /Volumes/Presentation/Users/aike/Web/webtest/thinktest/Frame/Library/Think/Think.class.php 第 151 行.
ERR: Class 'Org\Util\Arr' not found

[ 2016-10-11T10:45:27+08:00 ] 127.0.0.1 /config-testNamesAuth
INFO: [ app_init ] --START--
INFO: Run Behavior\BuildLiteBehavior [ RunTime:0.000014s ]
INFO: [ app_init ] --END-- [ RunTime:0.000089s ]
INFO: [ app_begin ] --START--
INFO: Run Behavior\ReadHtmlCacheBehavior [ RunTime:0.000042s ]
INFO: [ app_begin ] --END-- [ RunTime:0.000086s ]
ERR: Class 'Util\Arr' not found

[ 2016-10-11T10:45:33+08:00 ] 127.0.0.1 /config-testNamesAuth
INFO: [ app_init ] --START--
INFO: Run Behavior\BuildLiteBehavior [ RunTime:0.000012s ]
INFO: [ app_init ] --END-- [ RunTime:0.000091s ]
INFO: [ app_begin ] --START--
INFO: Run Behavior\ReadHtmlCacheBehavior [ RunTime:0.000040s ]
INFO: [ app_begin ] --END-- [ RunTime:0.000084s ]
NOTIC: [2] include(/Volumes/Presentation/Users/aike/Web/webtest/thinktest/Frame/Library\Org\Util\Arr.php): failed to open stream: No such file or directory /Volumes/Presentation/Users/aike/Web/webtest/thinktest/Frame/Library/Think/Think.class.php 第 151 行.
NOTIC: [2] include(): Failed opening '/Volumes/Presentation/Users/aike/Web/webtest/thinktest/Frame/Library\Org\Util\Arr.php' for inclusion (include_path='.:') /Volumes/Presentation/Users/aike/Web/webtest/thinktest/Frame/Library/Think/Think.class.php 第 151 行.
ERR: Class 'Org\Util\Arr' not found

[ 2016-10-11T10:45:44+08:00 ] 127.0.0.1 /config-testNamesAuth
INFO: [ app_init ] --START--
INFO: Run Behavior\BuildLiteBehavior [ RunTime:0.000013s ]
INFO: [ app_init ] --END-- [ RunTime:0.000118s ]
INFO: [ app_begin ] --START--
INFO: Run Behavior\ReadHtmlCacheBehavior [ RunTime:0.000066s ]
INFO: [ app_begin ] --END-- [ RunTime:0.000127s ]
ERR: Class 'Org\Util\Auth' not found

[ 2016-10-11T10:50:17+08:00 ] 127.0.0.1 /config-testNamesAuth
INFO: [ app_init ] --START--
INFO: Run Behavior\BuildLiteBehavior [ RunTime:0.000013s ]
INFO: [ app_init ] --END-- [ RunTime:0.000093s ]
INFO: [ app_begin ] --START--
INFO: Run Behavior\ReadHtmlCacheBehavior [ RunTime:0.000041s ]
INFO: [ app_begin ] --END-- [ RunTime:0.000087s ]
ERR: Class 'Org\Util\Auth' not found

[ 2016-10-11T10:50:18+08:00 ] 127.0.0.1 /config-testNamesAuth
INFO: [ app_init ] --START--
INFO: Run Behavior\BuildLiteBehavior [ RunTime:0.000012s ]
INFO: [ app_init ] --END-- [ RunTime:0.000080s ]
INFO: [ app_begin ] --START--
INFO: Run Behavior\ReadHtmlCacheBehavior [ RunTime:0.000035s ]
INFO: [ app_begin ] --END-- [ RunTime:0.000080s ]
ERR: Class 'Org\Util\Auth' not found

[ 2016-10-11T10:50:19+08:00 ] 127.0.0.1 /config-testNamesAuth
INFO: [ app_init ] --START--
INFO: Run Behavior\BuildLiteBehavior [ RunTime:0.000012s ]
INFO: [ app_init ] --END-- [ RunTime:0.000079s ]
INFO: [ app_begin ] --START--
INFO: Run Behavior\ReadHtmlCacheBehavior [ RunTime:0.000036s ]
INFO: [ app_begin ] --END-- [ RunTime:0.000080s ]
ERR: Class 'Org\Util\Auth' not found

[ 2016-10-11T10:50:20+08:00 ] 127.0.0.1 /config-testNamesAuth
INFO: [ app_init ] --START--
INFO: Run Behavior\BuildLiteBehavior [ RunTime:0.000012s ]
INFO: [ app_init ] --END-- [ RunTime:0.000094s ]
INFO: [ app_begin ] --START--
INFO: Run Behavior\ReadHtmlCacheBehavior [ RunTime:0.000045s ]
INFO: [ app_begin ] --END-- [ RunTime:0.000091s ]
ERR: Class 'Org\Util\Auth' not found

[ 2016-10-11T10:51:09+08:00 ] 127.0.0.1 /config-testNamesAuth
INFO: [ app_init ] --START--
INFO: Run Behavior\BuildLiteBehavior [ RunTime:0.000013s ]
INFO: [ app_init ] --END-- [ RunTime:0.000092s ]
INFO: [ app_begin ] --START--
INFO: Run Behavior\ReadHtmlCacheBehavior [ RunTime:0.000041s ]
INFO: [ app_begin ] --END-- [ RunTime:0.000098s ]
ERR: Class 'Org\Util\Auth' not found

[ 2016-10-11T10:51:10+08:00 ] 127.0.0.1 /config-testNamesAuth
INFO: [ app_init ] --START--
INFO: Run Behavior\BuildLiteBehavior [ RunTime:0.000013s ]
INFO: [ app_init ] --END-- [ RunTime:0.000080s ]
INFO: [ app_begin ] --START--
INFO: Run Behavior\ReadHtmlCacheBehavior [ RunTime:0.000036s ]
INFO: [ app_begin ] --END-- [ RunTime:0.000081s ]
ERR: Class 'Org\Util\Auth' not found

[ 2016-10-11T10:52:01+08:00 ] 127.0.0.1 /config-testNamesAuth
INFO: [ app_init ] --START--
INFO: Run Behavior\BuildLiteBehavior [ RunTime:0.000011s ]
INFO: [ app_init ] --END-- [ RunTime:0.000077s ]
INFO: [ app_begin ] --START--
INFO: Run Behavior\ReadHtmlCacheBehavior [ RunTime:0.000034s ]
INFO: [ app_begin ] --END-- [ RunTime:0.000076s ]
NOTIC: [2] include(/Volumes/Presentation/Users/aike/Web/webtest/thinktest/Frame/Library\Org\Util\Arr.php): failed to open stream: No such file or directory /Volumes/Presentation/Users/aike/Web/webtest/thinktest/Frame/Library/Think/Think.class.php 第 151 行.
NOTIC: [2] include(): Failed opening '/Volumes/Presentation/Users/aike/Web/webtest/thinktest/Frame/Library\Org\Util\Arr.php' for inclusion (include_path='.:') /Volumes/Presentation/Users/aike/Web/webtest/thinktest/Frame/Library/Think/Think.class.php 第 151 行.
ERR: Class 'Org\Util\Arr' not found

[ 2016-10-11T10:52:07+08:00 ] 127.0.0.1 /config-testNamesAuth
INFO: [ app_init ] --START--
INFO: Run Behavior\BuildLiteBehavior [ RunTime:0.000013s ]
INFO: [ app_init ] --END-- [ RunTime:0.000094s ]
INFO: [ app_begin ] --START--
INFO: Run Behavior\ReadHtmlCacheBehavior [ RunTime:0.000041s ]
INFO: [ app_begin ] --END-- [ RunTime:0.000085s ]
NOTIC: [2] include(/Volumes/Presentation/Users/aike/Web/webtest/thinktest/Frame/Library\Org\Util\Arr.php): failed to open stream: No such file or directory /Volumes/Presentation/Users/aike/Web/webtest/thinktest/Frame/Library/Think/Think.class.php 第 151 行.
NOTIC: [2] include(): Failed opening '/Volumes/Presentation/Users/aike/Web/webtest/thinktest/Frame/Library\Org\Util\Arr.php' for inclusion (include_path='.:') /Volumes/Presentation/Users/aike/Web/webtest/thinktest/Frame/Library/Think/Think.class.php 第 151 行.
ERR: Class 'Org\Util\Arr' not found

[ 2016-10-11T10:52:29+08:00 ] 127.0.0.1 /config-testNamesAuth
INFO: [ app_init ] --START--
INFO: Run Behavior\BuildLiteBehavior [ RunTime:0.000011s ]
INFO: [ app_init ] --END-- [ RunTime:0.000079s ]
INFO: [ app_begin ] --START--
INFO: Run Behavior\ReadHtmlCacheBehavior [ RunTime:0.000035s ]
INFO: [ app_begin ] --END-- [ RunTime:0.000076s ]
NOTIC: [2] include(/Volumes/Presentation/Users/aike/Web/webtest/thinktest/Frame/Library\Org\Util\Arr.php): failed to open stream: No such file or directory /Volumes/Presentation/Users/aike/Web/webtest/thinktest/Frame/Library/Think/Think.class.php 第 151 行.
NOTIC: [2] include(): Failed opening '/Volumes/Presentation/Users/aike/Web/webtest/thinktest/Frame/Library\Org\Util\Arr.php' for inclusion (include_path='.:') /Volumes/Presentation/Users/aike/Web/webtest/thinktest/Frame/Library/Think/Think.class.php 第 151 行.
ERR: Class 'Org\Util\Arr' not found

[ 2016-10-11T10:52:37+08:00 ] 127.0.0.1 /config-testNamesAuth
INFO: [ app_init ] --START--
INFO: Run Behavior\BuildLiteBehavior [ RunTime:0.000012s ]
INFO: [ app_init ] --END-- [ RunTime:0.000080s ]
INFO: [ app_begin ] --START--
INFO: Run Behavior\ReadHtmlCacheBehavior [ RunTime:0.000036s ]
INFO: [ app_begin ] --END-- [ RunTime:0.000078s ]
NOTIC: [8] Undefined variable: authModel /Volumes/Presentation/Users/aike/Web/webtest/thinktest/App/Home/Controller/ConfigController.class.php 第 53 行.
ERR: Call to a member function test() on null

[ 2016-10-11T10:52:42+08:00 ] 127.0.0.1 /config-testNamesAuth
INFO: [ app_init ] --START--
INFO: Run Behavior\BuildLiteBehavior [ RunTime:0.000011s ]
INFO: [ app_init ] --END-- [ RunTime:0.000078s ]
INFO: [ app_begin ] --START--
INFO: Run Behavior\ReadHtmlCacheBehavior [ RunTime:0.000034s ]
INFO: [ app_begin ] --END-- [ RunTime:0.000074s ]
INFO: [ app_end ] --START--
INFO: Run Behavior\ShowPageTraceBehavior [ RunTime:0.000040s ]
INFO: [ app_end ] --END-- [ RunTime:0.000081s ]

[ 2016-10-11T10:52:44+08:00 ] 127.0.0.1 /config-testNamesAuth
INFO: [ app_init ] --START--
INFO: Run Behavior\BuildLiteBehavior [ RunTime:0.000012s ]
INFO: [ app_init ] --END-- [ RunTime:0.000071s ]
INFO: [ app_begin ] --START--
INFO: Run Behavior\ReadHtmlCacheBehavior [ RunTime:0.000029s ]
INFO: [ app_begin ] --END-- [ RunTime:0.000070s ]
INFO: [ app_end ] --START--
INFO: Run Behavior\ShowPageTraceBehavior [ RunTime:0.000036s ]
INFO: [ app_end ] --END-- [ RunTime:0.000098s ]

[ 2016-10-11T10:53:23+08:00 ] 127.0.0.1 /config-testNamesAuth
INFO: [ app_init ] --START--
INFO: Run Behavior\BuildLiteBehavior [ RunTime:0.000012s ]
INFO: [ app_init ] --END-- [ RunTime:0.000086s ]
INFO: [ app_begin ] --START--
INFO: Run Behavior\ReadHtmlCacheBehavior [ RunTime:0.000038s ]
INFO: [ app_begin ] --END-- [ RunTime:0.000081s ]
ERR: Class 'Home\Controller\Org\Util\Arr' not found

[ 2016-10-11T10:54:22+08:00 ] 127.0.0.1 /config-testNamesAuth
INFO: [ app_init ] --START--
INFO: Run Behavior\BuildLiteBehavior [ RunTime:0.000011s ]
INFO: [ app_init ] --END-- [ RunTime:0.000079s ]
INFO: [ app_begin ] --START--
INFO: Run Behavior\ReadHtmlCacheBehavior [ RunTime:0.000037s ]
INFO: [ app_begin ] --END-- [ RunTime:0.000081s ]
NOTIC: [2] include(/Volumes/Presentation/Users/aike/Web/webtest/thinktest/Frame/Library\Org\Util\Arr.php): failed to open stream: No such file or directory /Volumes/Presentation/Users/aike/Web/webtest/thinktest/Frame/Library/Think/Think.class.php 第 151 行.
NOTIC: [2] include(): Failed opening '/Volumes/Presentation/Users/aike/Web/webtest/thinktest/Frame/Library\Org\Util\Arr.php' for inclusion (include_path='.:') /Volumes/Presentation/Users/aike/Web/webtest/thinktest/Frame/Library/Think/Think.class.php 第 151 行.
ERR: Class 'Org\Util\Arr' not found

[ 2016-10-11T10:55:07+08:00 ] 127.0.0.1 /config-testNamesAuth
INFO: [ app_init ] --START--
INFO: Run Behavior\BuildLiteBehavior [ RunTime:0.000011s ]
INFO: [ app_init ] --END-- [ RunTime:0.000081s ]
INFO: [ app_begin ] --START--
INFO: Run Behavior\ReadHtmlCacheBehavior [ RunTime:0.000036s ]
INFO: [ app_begin ] --END-- [ RunTime:0.000078s ]
INFO: [ app_end ] --START--
INFO: Run Behavior\ShowPageTraceBehavior [ RunTime:0.000038s ]
INFO: [ app_end ] --END-- [ RunTime:0.000084s ]

[ 2016-10-11T10:55:10+08:00 ] 127.0.0.1 /config-testNamesAuth
INFO: [ app_init ] --START--
INFO: Run Behavior\BuildLiteBehavior [ RunTime:0.000013s ]
INFO: [ app_init ] --END-- [ RunTime:0.000095s ]
INFO: [ app_begin ] --START--
INFO: Run Behavior\ReadHtmlCacheBehavior [ RunTime:0.000034s ]
INFO: [ app_begin ] --END-- [ RunTime:0.000076s ]
INFO: [ app_end ] --START--
INFO: Run Behavior\ShowPageTraceBehavior [ RunTime:0.000054s ]
INFO: [ app_end ] --END-- [ RunTime:0.000114s ]

[ 2016-10-11T10:55:30+08:00 ] 127.0.0.1 /config-testNamesAuth
INFO: [ app_init ] --START--
INFO: Run Behavior\BuildLiteBehavior [ RunTime:0.000011s ]
INFO: [ app_init ] --END-- [ RunTime:0.000111s ]
INFO: [ app_begin ] --START--
INFO: Run Behavior\ReadHtmlCacheBehavior [ RunTime:0.000034s ]
INFO: [ app_begin ] --END-- [ RunTime:0.000073s ]
NOTIC: [2] include(/Volumes/Presentation/Users/aike/Web/webtest/thinktest/Frame/Library\Org\Util\Arr.php): failed to open stream: No such file or directory /Volumes/Presentation/Users/aike/Web/webtest/thinktest/Frame/Library/Think/Think.class.php 第 151 行.
NOTIC: [2] include(): Failed opening '/Volumes/Presentation/Users/aike/Web/webtest/thinktest/Frame/Library\Org\Util\Arr.php' for inclusion (include_path='.:') /Volumes/Presentation/Users/aike/Web/webtest/thinktest/Frame/Library/Think/Think.class.php 第 151 行.
ERR: Class 'Org\Util\Arr' not found

[ 2016-10-11T10:55:51+08:00 ] 127.0.0.1 /config-testNamesAuth
INFO: [ app_init ] --START--
INFO: Run Behavior\BuildLiteBehavior [ RunTime:0.000025s ]
INFO: [ app_init ] --END-- [ RunTime:0.000093s ]
INFO: [ app_begin ] --START--
INFO: Run Behavior\ReadHtmlCacheBehavior [ RunTime:0.000034s ]
INFO: [ app_begin ] --END-- [ RunTime:0.000075s ]
NOTIC: [2] include(/Volumes/Presentation/Users/aike/Web/webtest/thinktest/Frame/Library\Org\Util\Arr.php): failed to open stream: No such file or directory /Volumes/Presentation/Users/aike/Web/webtest/thinktest/Frame/Library/Think/Think.class.php 第 151 行.
NOTIC: [2] include(): Failed opening '/Volumes/Presentation/Users/aike/Web/webtest/thinktest/Frame/Library\Org\Util\Arr.php' for inclusion (include_path='.:') /Volumes/Presentation/Users/aike/Web/webtest/thinktest/Frame/Library/Think/Think.class.php 第 151 行.
ERR: Class 'Org\Util\Arr' not found

[ 2016-10-11T10:55:52+08:00 ] 127.0.0.1 /config-testNamesAuth
INFO: [ app_init ] --START--
INFO: Run Behavior\BuildLiteBehavior [ RunTime:0.000012s ]
INFO: [ app_init ] --END-- [ RunTime:0.000080s ]
INFO: [ app_begin ] --START--
INFO: Run Behavior\ReadHtmlCacheBehavior [ RunTime:0.000037s ]
INFO: [ app_begin ] --END-- [ RunTime:0.000081s ]
NOTIC: [2] include(/Volumes/Presentation/Users/aike/Web/webtest/thinktest/Frame/Library\Org\Util\Arr.php): failed to open stream: No such file or directory /Volumes/Presentation/Users/aike/Web/webtest/thinktest/Frame/Library/Think/Think.class.php 第 151 行.
NOTIC: [2] include(): Failed opening '/Volumes/Presentation/Users/aike/Web/webtest/thinktest/Frame/Library\Org\Util\Arr.php' for inclusion (include_path='.:') /Volumes/Presentation/Users/aike/Web/webtest/thinktest/Frame/Library/Think/Think.class.php 第 151 行.
ERR: Class 'Org\Util\Arr' not found

[ 2016-10-11T10:56:12+08:00 ] 127.0.0.1 /config-testNamesAuth
INFO: [ app_init ] --START--
INFO: Run Behavior\BuildLiteBehavior [ RunTime:0.000012s ]
INFO: [ app_init ] --END-- [ RunTime:0.000082s ]
INFO: [ app_begin ] --START--
INFO: Run Behavior\ReadHtmlCacheBehavior [ RunTime:0.000035s ]
INFO: [ app_begin ] --END-- [ RunTime:0.000077s ]
NOTIC: [2] include(/Volumes/Presentation/Users/aike/Web/webtest/thinktest/Frame/Library\Org\Util\Arr.php): failed to open stream: No such file or directory /Volumes/Presentation/Users/aike/Web/webtest/thinktest/Frame/Library/Think/Think.class.php 第 151 行.
NOTIC: [2] include(): Failed opening '/Volumes/Presentation/Users/aike/Web/webtest/thinktest/Frame/Library\Org\Util\Arr.php' for inclusion (include_path='.:') /Volumes/Presentation/Users/aike/Web/webtest/thinktest/Frame/Library/Think/Think.class.php 第 151 行.
ERR: Class 'Org\Util\Arr' not found

[ 2016-10-11T10:56:21+08:00 ] 127.0.0.1 /config-testNamesAuth
INFO: [ app_init ] --START--
INFO: Run Behavior\BuildLiteBehavior [ RunTime:0.000012s ]
INFO: [ app_init ] --END-- [ RunTime:0.000082s ]
INFO: [ app_begin ] --START--
INFO: Run Behavior\ReadHtmlCacheBehavior [ RunTime:0.000038s ]
INFO: [ app_begin ] --END-- [ RunTime:0.000082s ]
INFO: [ app_end ] --START--
INFO: Run Behavior\ShowPageTraceBehavior [ RunTime:0.000035s ]
INFO: [ app_end ] --END-- [ RunTime:0.000080s ]

[ 2016-10-11T10:56:31+08:00 ] 127.0.0.1 /config-testNamesAuth
INFO: [ app_init ] --START--
INFO: Run Behavior\BuildLiteBehavior [ RunTime:0.000011s ]
INFO: [ app_init ] --END-- [ RunTime:0.000074s ]
INFO: [ app_begin ] --START--
INFO: Run Behavior\ReadHtmlCacheBehavior [ RunTime:0.000032s ]
INFO: [ app_begin ] --END-- [ RunTime:0.000086s ]
NOTIC: [2] include(/Volumes/Presentation/Users/aike/Web/webtest/thinktest/Frame/Library\Org\Util\Arr.php): failed to open stream: No such file or directory /Volumes/Presentation/Users/aike/Web/webtest/thinktest/Frame/Library/Think/Think.class.php 第 151 行.
NOTIC: [2] include(): Failed opening '/Volumes/Presentation/Users/aike/Web/webtest/thinktest/Frame/Library\Org\Util\Arr.php' for inclusion (include_path='.:') /Volumes/Presentation/Users/aike/Web/webtest/thinktest/Frame/Library/Think/Think.class.php 第 151 行.
ERR: Class 'Org\Util\Arr' not found

[ 2016-10-11T10:56:57+08:00 ] 127.0.0.1 /config-testNamesAuth
INFO: [ app_init ] --START--
INFO: Run Behavior\BuildLiteBehavior [ RunTime:0.000012s ]
INFO: [ app_init ] --END-- [ RunTime:0.000096s ]
INFO: [ app_begin ] --START--
INFO: Run Behavior\ReadHtmlCacheBehavior [ RunTime:0.000043s ]
INFO: [ app_begin ] --END-- [ RunTime:0.000088s ]
NOTIC: [2] include(/Volumes/Presentation/Users/aike/Web/webtest/thinktest/Frame/Library\Org\Util\Arr.class.php): failed to open stream: No such file or directory /Volumes/Presentation/Users/aike/Web/webtest/thinktest/Frame/Library/Think/Think.class.php 第 151 行.
NOTIC: [2] include(): Failed opening '/Volumes/Presentation/Users/aike/Web/webtest/thinktest/Frame/Library\Org\Util\Arr.class.php' for inclusion (include_path='.:') /Volumes/Presentation/Users/aike/Web/webtest/thinktest/Frame/Library/Think/Think.class.php 第 151 行.
ERR: Class 'Org\Util\Arr' not found

[ 2016-10-11T10:56:58+08:00 ] 127.0.0.1 /config-testNamesAuth
INFO: [ app_init ] --START--
INFO: Run Behavior\BuildLiteBehavior [ RunTime:0.000013s ]
INFO: [ app_init ] --END-- [ RunTime:0.000081s ]
INFO: [ app_begin ] --START--
INFO: Run Behavior\ReadHtmlCacheBehavior [ RunTime:0.000035s ]
INFO: [ app_begin ] --END-- [ RunTime:0.000081s ]
NOTIC: [2] include(/Volumes/Presentation/Users/aike/Web/webtest/thinktest/Frame/Library\Org\Util\Arr.class.php): failed to open stream: No such file or directory /Volumes/Presentation/Users/aike/Web/webtest/thinktest/Frame/Library/Think/Think.class.php 第 151 行.
NOTIC: [2] include(): Failed opening '/Volumes/Presentation/Users/aike/Web/webtest/thinktest/Frame/Library\Org\Util\Arr.class.php' for inclusion (include_path='.:') /Volumes/Presentation/Users/aike/Web/webtest/thinktest/Frame/Library/Think/Think.class.php 第 151 行.
ERR: Class 'Org\Util\Arr' not found

[ 2016-10-11T10:56:59+08:00 ] 127.0.0.1 /config-testNamesAuth
INFO: [ app_init ] --START--
INFO: Run Behavior\BuildLiteBehavior [ RunTime:0.000012s ]
INFO: [ app_init ] --END-- [ RunTime:0.000082s ]
INFO: [ app_begin ] --START--
INFO: Run Behavior\ReadHtmlCacheBehavior [ RunTime:0.000041s ]
INFO: [ app_begin ] --END-- [ RunTime:0.000087s ]
NOTIC: [2] include(/Volumes/Presentation/Users/aike/Web/webtest/thinktest/Frame/Library\Org\Util\Arr.class.php): failed to open stream: No such file or directory /Volumes/Presentation/Users/aike/Web/webtest/thinktest/Frame/Library/Think/Think.class.php 第 151 行.
NOTIC: [2] include(): Failed opening '/Volumes/Presentation/Users/aike/Web/webtest/thinktest/Frame/Library\Org\Util\Arr.class.php' for inclusion (include_path='.:') /Volumes/Presentation/Users/aike/Web/webtest/thinktest/Frame/Library/Think/Think.class.php 第 151 行.
ERR: Class 'Org\Util\Arr' not found

[ 2016-10-11T10:57:01+08:00 ] 127.0.0.1 /config-testNamesAuth
INFO: [ app_init ] --START--
INFO: Run Behavior\BuildLiteBehavior [ RunTime:0.000013s ]
INFO: [ app_init ] --END-- [ RunTime:0.000091s ]
INFO: [ app_begin ] --START--
INFO: Run Behavior\ReadHtmlCacheBehavior [ RunTime:0.000041s ]
INFO: [ app_begin ] --END-- [ RunTime:0.000086s ]
NOTIC: [2] include(/Volumes/Presentation/Users/aike/Web/webtest/thinktest/Frame/Library\Org\Util\Arr.class.php): failed to open stream: No such file or directory /Volumes/Presentation/Users/aike/Web/webtest/thinktest/Frame/Library/Think/Think.class.php 第 151 行.
NOTIC: [2] include(): Failed opening '/Volumes/Presentation/Users/aike/Web/webtest/thinktest/Frame/Library\Org\Util\Arr.class.php' for inclusion (include_path='.:') /Volumes/Presentation/Users/aike/Web/webtest/thinktest/Frame/Library/Think/Think.class.php 第 151 行.
ERR: Class 'Org\Util\Arr' not found

[ 2016-10-11T10:57:39+08:00 ] 127.0.0.1 /config-testNamesAuth
INFO: [ app_init ] --START--
INFO: Run Behavior\BuildLiteBehavior [ RunTime:0.000013s ]
INFO: [ app_init ] --END-- [ RunTime:0.000092s ]
INFO: [ app_begin ] --START--
INFO: Run Behavior\ReadHtmlCacheBehavior [ RunTime:0.000040s ]
INFO: [ app_begin ] --END-- [ RunTime:0.000086s ]
INFO: [ app_end ] --START--
INFO: Run Behavior\ShowPageTraceBehavior [ RunTime:0.000039s ]
INFO: [ app_end ] --END-- [ RunTime:0.000086s ]

[ 2016-10-11T10:57:45+08:00 ] 127.0.0.1 /config-testNamesAuth
INFO: [ app_init ] --START--
INFO: Run Behavior\BuildLiteBehavior [ RunTime:0.000011s ]
INFO: [ app_init ] --END-- [ RunTime:0.000079s ]
INFO: [ app_begin ] --START--
INFO: Run Behavior\ReadHtmlCacheBehavior [ RunTime:0.000036s ]
INFO: [ app_begin ] --END-- [ RunTime:0.000078s ]
NOTIC: [2] include(/Volumes/Presentation/Users/aike/Web/webtest/thinktest/Frame/Library\Org\Util\Arr.class.php): failed to open stream: No such file or directory /Volumes/Presentation/Users/aike/Web/webtest/thinktest/Frame/Library/Think/Think.class.php 第 151 行.
NOTIC: [2] include(): Failed opening '/Volumes/Presentation/Users/aike/Web/webtest/thinktest/Frame/Library\Org\Util\Arr.class.php' for inclusion (include_path='.:') /Volumes/Presentation/Users/aike/Web/webtest/thinktest/Frame/Library/Think/Think.class.php 第 151 行.
ERR: Class 'Org\Util\Arr' not found

[ 2016-10-11T10:57:54+08:00 ] 127.0.0.1 /config-testNamesAuth
INFO: [ app_init ] --START--
INFO: Run Behavior\BuildLiteBehavior [ RunTime:0.000013s ]
INFO: [ app_init ] --END-- [ RunTime:0.000090s ]
INFO: [ app_begin ] --START--
INFO: Run Behavior\ReadHtmlCacheBehavior [ RunTime:0.000042s ]
INFO: [ app_begin ] --END-- [ RunTime:0.000088s ]
INFO: [ app_end ] --START--
INFO: Run Behavior\ShowPageTraceBehavior [ RunTime:0.000046s ]
INFO: [ app_end ] --END-- [ RunTime:0.000093s ]

[ 2016-10-11T10:58:09+08:00 ] 127.0.0.1 /config-testNamesAuth
INFO: [ app_init ] --START--
INFO: Run Behavior\BuildLiteBehavior [ RunTime:0.000013s ]
INFO: [ app_init ] --END-- [ RunTime:0.000093s ]
INFO: [ app_begin ] --START--
INFO: Run Behavior\ReadHtmlCacheBehavior [ RunTime:0.000051s ]
INFO: [ app_begin ] --END-- [ RunTime:0.000106s ]
NOTIC: [2] include(/Volumes/Presentation/Users/aike/Web/webtest/thinktest/Frame/Org\Util\Arr.class.php): failed to open stream: No such file or directory /Volumes/Presentation/Users/aike/Web/webtest/thinktest/Frame/Library/Think/Think.class.php 第 151 行.
NOTIC: [2] include(): Failed opening '/Volumes/Presentation/Users/aike/Web/webtest/thinktest/Frame/Org\Util\Arr.class.php' for inclusion (include_path='.:') /Volumes/Presentation/Users/aike/Web/webtest/thinktest/Frame/Library/Think/Think.class.php 第 151 行.
ERR: Class 'Org\Util\Arr' not found

[ 2016-10-11T10:58:28+08:00 ] 127.0.0.1 /config-testNamesAuth
INFO: [ app_init ] --START--
INFO: Run Behavior\BuildLiteBehavior [ RunTime:0.000011s ]
INFO: [ app_init ] --END-- [ RunTime:0.000076s ]
INFO: [ app_begin ] --START--
INFO: Run Behavior\ReadHtmlCacheBehavior [ RunTime:0.000035s ]
INFO: [ app_begin ] --END-- [ RunTime:0.000076s ]
ERR: Class 'Home\Controller\Org\Util\Arr' not found

[ 2016-10-11T10:58:34+08:00 ] 127.0.0.1 /config-testNamesAuth
INFO: [ app_init ] --START--
INFO: Run Behavior\BuildLiteBehavior [ RunTime:0.000013s ]
INFO: [ app_init ] --END-- [ RunTime:0.000093s ]
INFO: [ app_begin ] --START--
INFO: Run Behavior\ReadHtmlCacheBehavior [ RunTime:0.000042s ]
INFO: [ app_begin ] --END-- [ RunTime:0.000088s ]
NOTIC: [2] include(/Volumes/Presentation/Users/aike/Web/webtest/thinktest/Frame/Org\Util\Arr.class.php): failed to open stream: No such file or directory /Volumes/Presentation/Users/aike/Web/webtest/thinktest/Frame/Library/Think/Think.class.php 第 151 行.
NOTIC: [2] include(): Failed opening '/Volumes/Presentation/Users/aike/Web/webtest/thinktest/Frame/Org\Util\Arr.class.php' for inclusion (include_path='.:') /Volumes/Presentation/Users/aike/Web/webtest/thinktest/Frame/Library/Think/Think.class.php 第 151 行.
ERR: Class 'Org\Util\Arr' not found

[ 2016-10-11T10:59:20+08:00 ] 127.0.0.1 /config-testNamesAuth
INFO: [ app_init ] --START--
INFO: Run Behavior\BuildLiteBehavior [ RunTime:0.000016s ]
INFO: [ app_init ] --END-- [ RunTime:0.000114s ]
INFO: [ app_begin ] --START--
INFO: Run Behavior\ReadHtmlCacheBehavior [ RunTime:0.000049s ]
INFO: [ app_begin ] --END-- [ RunTime:0.000111s ]
NOTIC: [2] include(/Volumes/Presentation/Users/aike/Web/webtest/thinktest/Frame/Org\Util\Arr.class.php): failed to open stream: No such file or directory /Volumes/Presentation/Users/aike/Web/webtest/thinktest/Frame/Library/Think/Think.class.php 第 151 行.
NOTIC: [2] include(): Failed opening '/Volumes/Presentation/Users/aike/Web/webtest/thinktest/Frame/Org\Util\Arr.class.php' for inclusion (include_path='.:') /Volumes/Presentation/Users/aike/Web/webtest/thinktest/Frame/Library/Think/Think.class.php 第 151 行.
ERR: Class 'Org\Util\Arr' not found

[ 2016-10-11T10:59:22+08:00 ] 127.0.0.1 /config-testNamesAuth
INFO: [ app_init ] --START--
INFO: Run Behavior\BuildLiteBehavior [ RunTime:0.000012s ]
INFO: [ app_init ] --END-- [ RunTime:0.000087s ]
INFO: [ app_begin ] --START--
INFO: Run Behavior\ReadHtmlCacheBehavior [ RunTime:0.000039s ]
INFO: [ app_begin ] --END-- [ RunTime:0.000083s ]
NOTIC: [2] include(/Volumes/Presentation/Users/aike/Web/webtest/thinktest/Frame/Org\Util\Arr.class.php): failed to open stream: No such file or directory /Volumes/Presentation/Users/aike/Web/webtest/thinktest/Frame/Library/Think/Think.class.php 第 151 行.
NOTIC: [2] include(): Failed opening '/Volumes/Presentation/Users/aike/Web/webtest/thinktest/Frame/Org\Util\Arr.class.php' for inclusion (include_path='.:') /Volumes/Presentation/Users/aike/Web/webtest/thinktest/Frame/Library/Think/Think.class.php 第 151 行.
ERR: Class 'Org\Util\Arr' not found

[ 2016-10-11T11:01:03+08:00 ] 127.0.0.1 /config-testNamesAuth
INFO: [ app_init ] --START--
INFO: Run Behavior\BuildLiteBehavior [ RunTime:0.000012s ]
INFO: [ app_init ] --END-- [ RunTime:0.000089s ]
INFO: [ app_begin ] --START--
INFO: Run Behavior\ReadHtmlCacheBehavior [ RunTime:0.000040s ]
INFO: [ app_begin ] --END-- [ RunTime:0.000084s ]
NOTIC: [2] include(/Volumes/Presentation/Users/aike/Web/webtest/thinktest/Frame/Org\Util\Arr.class.php): failed to open stream: No such file or directory /Volumes/Presentation/Users/aike/Web/webtest/thinktest/Frame/Library/Think/Think.class.php 第 151 行.
NOTIC: [2] include(): Failed opening '/Volumes/Presentation/Users/aike/Web/webtest/thinktest/Frame/Org\Util\Arr.class.php' for inclusion (include_path='.:') /Volumes/Presentation/Users/aike/Web/webtest/thinktest/Frame/Library/Think/Think.class.php 第 151 行.
ERR: Class 'Org\Util\Arr' not found

[ 2016-10-11T11:01:04+08:00 ] 127.0.0.1 /config-testNamesAuth
INFO: [ app_init ] --START--
INFO: Run Behavior\BuildLiteBehavior [ RunTime:0.000011s ]
INFO: [ app_init ] --END-- [ RunTime:0.000077s ]
INFO: [ app_begin ] --START--
INFO: Run Behavior\ReadHtmlCacheBehavior [ RunTime:0.000049s ]
INFO: [ app_begin ] --END-- [ RunTime:0.000107s ]
NOTIC: [2] include(/Volumes/Presentation/Users/aike/Web/webtest/thinktest/Frame/Org\Util\Arr.class.php): failed to open stream: No such file or directory /Volumes/Presentation/Users/aike/Web/webtest/thinktest/Frame/Library/Think/Think.class.php 第 151 行.
NOTIC: [2] include(): Failed opening '/Volumes/Presentation/Users/aike/Web/webtest/thinktest/Frame/Org\Util\Arr.class.php' for inclusion (include_path='.:') /Volumes/Presentation/Users/aike/Web/webtest/thinktest/Frame/Library/Think/Think.class.php 第 151 行.
ERR: Class 'Org\Util\Arr' not found

[ 2016-10-11T11:01:48+08:00 ] 127.0.0.1 /config-testNamesAuth
INFO: [ app_init ] --START--
INFO: Run Behavior\BuildLiteBehavior [ RunTime:0.000013s ]
INFO: [ app_init ] --END-- [ RunTime:0.000091s ]
INFO: [ app_begin ] --START--
INFO: Run Behavior\ReadHtmlCacheBehavior [ RunTime:0.000044s ]
INFO: [ app_begin ] --END-- [ RunTime:0.000092s ]
ERR: Class 'Home\Controller\Org\Util\Arr' not found

[ 2016-10-11T11:01:56+08:00 ] 127.0.0.1 /config-testNamesAuth
INFO: [ app_init ] --START--
INFO: Run Behavior\BuildLiteBehavior [ RunTime:0.000013s ]
INFO: [ app_init ] --END-- [ RunTime:0.000143s ]
INFO: [ app_begin ] --START--
INFO: Run Behavior\ReadHtmlCacheBehavior [ RunTime:0.000038s ]
INFO: [ app_begin ] --END-- [ RunTime:0.000081s ]
NOTIC: [2] include(/Volumes/Presentation/Users/aike/Web/webtest/thinktest/Frame/Org\Util\Arr.class.php): failed to open stream: No such file or directory /Volumes/Presentation/Users/aike/Web/webtest/thinktest/Frame/Library/Think/Think.class.php 第 151 行.
NOTIC: [2] include(): Failed opening '/Volumes/Presentation/Users/aike/Web/webtest/thinktest/Frame/Org\Util\Arr.class.php' for inclusion (include_path='.:') /Volumes/Presentation/Users/aike/Web/webtest/thinktest/Frame/Library/Think/Think.class.php 第 151 行.
ERR: Class 'Org\Util\Arr' not found

[ 2016-10-11T11:01:57+08:00 ] 127.0.0.1 /config-testNamesAuth
INFO: [ app_init ] --START--
INFO: Run Behavior\BuildLiteBehavior [ RunTime:0.000012s ]
INFO: [ app_init ] --END-- [ RunTime:0.000080s ]
INFO: [ app_begin ] --START--
INFO: Run Behavior\ReadHtmlCacheBehavior [ RunTime:0.000035s ]
INFO: [ app_begin ] --END-- [ RunTime:0.000080s ]
NOTIC: [2] include(/Volumes/Presentation/Users/aike/Web/webtest/thinktest/Frame/Org\Util\Arr.class.php): failed to open stream: No such file or directory /Volumes/Presentation/Users/aike/Web/webtest/thinktest/Frame/Library/Think/Think.class.php 第 151 行.
NOTIC: [2] include(): Failed opening '/Volumes/Presentation/Users/aike/Web/webtest/thinktest/Frame/Org\Util\Arr.class.php' for inclusion (include_path='.:') /Volumes/Presentation/Users/aike/Web/webtest/thinktest/Frame/Library/Think/Think.class.php 第 151 行.
ERR: Class 'Org\Util\Arr' not found

[ 2016-10-11T11:06:09+08:00 ] 127.0.0.1 /config-testNamesAuth
INFO: [ app_init ] --START--
INFO: Run Behavior\BuildLiteBehavior [ RunTime:0.000013s ]
INFO: [ app_init ] --END-- [ RunTime:0.000093s ]
INFO: [ app_begin ] --START--
INFO: Run Behavior\ReadHtmlCacheBehavior [ RunTime:0.000069s ]
INFO: [ app_begin ] --END-- [ RunTime:0.000153s ]
INFO: [ app_end ] --START--
INFO: Run Behavior\ShowPageTraceBehavior [ RunTime:0.000038s ]
INFO: [ app_end ] --END-- [ RunTime:0.000084s ]

[ 2016-10-11T11:06:31+08:00 ] 127.0.0.1 /config-testNamesAuth
INFO: [ app_init ] --START--
INFO: Run Behavior\BuildLiteBehavior [ RunTime:0.000012s ]
INFO: [ app_init ] --END-- [ RunTime:0.000103s ]
INFO: [ app_begin ] --START--
INFO: Run Behavior\ReadHtmlCacheBehavior [ RunTime:0.000039s ]
INFO: [ app_begin ] --END-- [ RunTime:0.000083s ]
INFO: [ app_end ] --START--
INFO: Run Behavior\ShowPageTraceBehavior [ RunTime:0.000037s ]
INFO: [ app_end ] --END-- [ RunTime:0.000080s ]

[ 2016-10-11T11:06:33+08:00 ] 127.0.0.1 /config-testNamesAuth
INFO: [ app_init ] --START--
INFO: Run Behavior\BuildLiteBehavior [ RunTime:0.000012s ]
INFO: [ app_init ] --END-- [ RunTime:0.000077s ]
INFO: [ app_begin ] --START--
INFO: Run Behavior\ReadHtmlCacheBehavior [ RunTime:0.000034s ]
INFO: [ app_begin ] --END-- [ RunTime:0.000079s ]
INFO: [ app_end ] --START--
INFO: Run Behavior\ShowPageTraceBehavior [ RunTime:0.000031s ]
INFO: [ app_end ] --END-- [ RunTime:0.000157s ]

[ 2016-10-11T11:06:57+08:00 ] 127.0.0.1 /config-testNamesAuth
INFO: [ app_init ] --START--
INFO: Run Behavior\BuildLiteBehavior [ RunTime:0.000013s ]
INFO: [ app_init ] --END-- [ RunTime:0.000089s ]
INFO: [ app_begin ] --START--
INFO: Run Behavior\ReadHtmlCacheBehavior [ RunTime:0.000048s ]
INFO: [ app_begin ] --END-- [ RunTime:0.000094s ]
NOTIC: [2] include(/Volumes/Presentation/Users/aike/Web/webtest/thinktest/Frame/Org\Util\Arr.php): failed to open stream: No such file or directory /Volumes/Presentation/Users/aike/Web/webtest/thinktest/Frame/Library/Think/Think.class.php 第 151 行.
NOTIC: [2] include(): Failed opening '/Volumes/Presentation/Users/aike/Web/webtest/thinktest/Frame/Org\Util\Arr.php' for inclusion (include_path='.:') /Volumes/Presentation/Users/aike/Web/webtest/thinktest/Frame/Library/Think/Think.class.php 第 151 行.
ERR: Class 'Org\Util\Arr' not found

[ 2016-10-11T11:07:21+08:00 ] 127.0.0.1 /config-testNamesAuth
INFO: [ app_init ] --START--
INFO: Run Behavior\BuildLiteBehavior [ RunTime:0.000013s ]
INFO: [ app_init ] --END-- [ RunTime:0.000092s ]
INFO: [ app_begin ] --START--
INFO: Run Behavior\ReadHtmlCacheBehavior [ RunTime:0.000042s ]
INFO: [ app_begin ] --END-- [ RunTime:0.000087s ]
NOTIC: [2] include(/Volumes/Presentation/Users/aike/Web/webtest/thinktest/Frame/Org\Util\Arr.php): failed to open stream: No such file or directory /Volumes/Presentation/Users/aike/Web/webtest/thinktest/Frame/Library/Think/Think.class.php 第 151 行.
NOTIC: [2] include(): Failed opening '/Volumes/Presentation/Users/aike/Web/webtest/thinktest/Frame/Org\Util\Arr.php' for inclusion (include_path='.:') /Volumes/Presentation/Users/aike/Web/webtest/thinktest/Frame/Library/Think/Think.class.php 第 151 行.
ERR: Class 'Org\Util\Arr' not found

[ 2016-10-11T11:07:24+08:00 ] 127.0.0.1 /config-testNamesAuth
INFO: [ app_init ] --START--
INFO: Run Behavior\BuildLiteBehavior [ RunTime:0.000025s ]
INFO: [ app_init ] --END-- [ RunTime:0.000139s ]
INFO: [ app_begin ] --START--
INFO: Run Behavior\ReadHtmlCacheBehavior [ RunTime:0.000041s ]
INFO: [ app_begin ] --END-- [ RunTime:0.000085s ]
NOTIC: [2] include(/Volumes/Presentation/Users/aike/Web/webtest/thinktest/Frame/Org\Util\Arr.php): failed to open stream: No such file or directory /Volumes/Presentation/Users/aike/Web/webtest/thinktest/Frame/Library/Think/Think.class.php 第 151 行.
NOTIC: [2] include(): Failed opening '/Volumes/Presentation/Users/aike/Web/webtest/thinktest/Frame/Org\Util\Arr.php' for inclusion (include_path='.:') /Volumes/Presentation/Users/aike/Web/webtest/thinktest/Frame/Library/Think/Think.class.php 第 151 行.
ERR: Class 'Org\Util\Arr' not found

[ 2016-10-11T11:07:26+08:00 ] 127.0.0.1 /config-testNamesAuth
INFO: [ app_init ] --START--
INFO: Run Behavior\BuildLiteBehavior [ RunTime:0.000012s ]
INFO: [ app_init ] --END-- [ RunTime:0.000081s ]
INFO: [ app_begin ] --START--
INFO: Run Behavior\ReadHtmlCacheBehavior [ RunTime:0.000038s ]
INFO: [ app_begin ] --END-- [ RunTime:0.000082s ]
NOTIC: [2] include(/Volumes/Presentation/Users/aike/Web/webtest/thinktest/Frame/Org\Util\Arr.php): failed to open stream: No such file or directory /Volumes/Presentation/Users/aike/Web/webtest/thinktest/Frame/Library/Think/Think.class.php 第 151 行.
NOTIC: [2] include(): Failed opening '/Volumes/Presentation/Users/aike/Web/webtest/thinktest/Frame/Org\Util\Arr.php' for inclusion (include_path='.:') /Volumes/Presentation/Users/aike/Web/webtest/thinktest/Frame/Library/Think/Think.class.php 第 151 行.
ERR: Class 'Org\Util\Arr' not found

[ 2016-10-11T11:07:26+08:00 ] 127.0.0.1 /config-testNamesAuth
INFO: [ app_init ] --START--
INFO: Run Behavior\BuildLiteBehavior [ RunTime:0.000013s ]
INFO: [ app_init ] --END-- [ RunTime:0.000078s ]
INFO: [ app_begin ] --START--
INFO: Run Behavior\ReadHtmlCacheBehavior [ RunTime:0.000035s ]
INFO: [ app_begin ] --END-- [ RunTime:0.000079s ]
NOTIC: [2] include(/Volumes/Presentation/Users/aike/Web/webtest/thinktest/Frame/Org\Util\Arr.php): failed to open stream: No such file or directory /Volumes/Presentation/Users/aike/Web/webtest/thinktest/Frame/Library/Think/Think.class.php 第 151 行.
NOTIC: [2] include(): Failed opening '/Volumes/Presentation/Users/aike/Web/webtest/thinktest/Frame/Org\Util\Arr.php' for inclusion (include_path='.:') /Volumes/Presentation/Users/aike/Web/webtest/thinktest/Frame/Library/Think/Think.class.php 第 151 行.
ERR: Class 'Org\Util\Arr' not found

[ 2016-10-11T11:07:27+08:00 ] 127.0.0.1 /config-testNamesAuth
INFO: [ app_init ] --START--
INFO: Run Behavior\BuildLiteBehavior [ RunTime:0.000013s ]
INFO: [ app_init ] --END-- [ RunTime:0.000089s ]
INFO: [ app_begin ] --START--
INFO: Run Behavior\ReadHtmlCacheBehavior [ RunTime:0.000042s ]
INFO: [ app_begin ] --END-- [ RunTime:0.000087s ]
NOTIC: [2] include(/Volumes/Presentation/Users/aike/Web/webtest/thinktest/Frame/Org\Util\Arr.php): failed to open stream: No such file or directory /Volumes/Presentation/Users/aike/Web/webtest/thinktest/Frame/Library/Think/Think.class.php 第 151 行.
NOTIC: [2] include(): Failed opening '/Volumes/Presentation/Users/aike/Web/webtest/thinktest/Frame/Org\Util\Arr.php' for inclusion (include_path='.:') /Volumes/Presentation/Users/aike/Web/webtest/thinktest/Frame/Library/Think/Think.class.php 第 151 行.
ERR: Class 'Org\Util\Arr' not found

[ 2016-10-11T11:07:27+08:00 ] 127.0.0.1 /config-testNamesAuth
INFO: [ app_init ] --START--
INFO: Run Behavior\BuildLiteBehavior [ RunTime:0.000012s ]
INFO: [ app_init ] --END-- [ RunTime:0.000080s ]
INFO: [ app_begin ] --START--
INFO: Run Behavior\ReadHtmlCacheBehavior [ RunTime:0.000037s ]
INFO: [ app_begin ] --END-- [ RunTime:0.000083s ]
NOTIC: [2] include(/Volumes/Presentation/Users/aike/Web/webtest/thinktest/Frame/Org\Util\Arr.php): failed to open stream: No such file or directory /Volumes/Presentation/Users/aike/Web/webtest/thinktest/Frame/Library/Think/Think.class.php 第 151 行.
NOTIC: [2] include(): Failed opening '/Volumes/Presentation/Users/aike/Web/webtest/thinktest/Frame/Org\Util\Arr.php' for inclusion (include_path='.:') /Volumes/Presentation/Users/aike/Web/webtest/thinktest/Frame/Library/Think/Think.class.php 第 151 行.
ERR: Class 'Org\Util\Arr' not found

[ 2016-10-11T11:07:28+08:00 ] 127.0.0.1 /config-testNamesAuth
INFO: [ app_init ] --START--
INFO: Run Behavior\BuildLiteBehavior [ RunTime:0.000012s ]
INFO: [ app_init ] --END-- [ RunTime:0.000080s ]
INFO: [ app_begin ] --START--
INFO: Run Behavior\ReadHtmlCacheBehavior [ RunTime:0.000036s ]
INFO: [ app_begin ] --END-- [ RunTime:0.000082s ]
NOTIC: [2] include(/Volumes/Presentation/Users/aike/Web/webtest/thinktest/Frame/Org\Util\Arr.php): failed to open stream: No such file or directory /Volumes/Presentation/Users/aike/Web/webtest/thinktest/Frame/Library/Think/Think.class.php 第 151 行.
NOTIC: [2] include(): Failed opening '/Volumes/Presentation/Users/aike/Web/webtest/thinktest/Frame/Org\Util\Arr.php' for inclusion (include_path='.:') /Volumes/Presentation/Users/aike/Web/webtest/thinktest/Frame/Library/Think/Think.class.php 第 151 行.
ERR: Class 'Org\Util\Arr' not found

[ 2016-10-11T11:07:41+08:00 ] 127.0.0.1 /config-testNamesAuth
INFO: [ app_init ] --START--
INFO: Run Behavior\BuildLiteBehavior [ RunTime:0.000013s ]
INFO: [ app_init ] --END-- [ RunTime:0.000090s ]
INFO: [ app_begin ] --START--
INFO: Run Behavior\ReadHtmlCacheBehavior [ RunTime:0.000040s ]
INFO: [ app_begin ] --END-- [ RunTime:0.000087s ]
NOTIC: [2] include(/Volumes/Presentation/Users/aike/Web/webtest/thinktest/Frame/Org\Util\Arr.php): failed to open stream: No such file or directory /Volumes/Presentation/Users/aike/Web/webtest/thinktest/Frame/Library/Think/Think.class.php 第 151 行.
NOTIC: [2] include(): Failed opening '/Volumes/Presentation/Users/aike/Web/webtest/thinktest/Frame/Org\Util\Arr.php' for inclusion (include_path='.:') /Volumes/Presentation/Users/aike/Web/webtest/thinktest/Frame/Library/Think/Think.class.php 第 151 行.
ERR: Class 'Org\Util\Arr' not found

[ 2016-10-11T11:07:56+08:00 ] 127.0.0.1 /config-testNamesAuth
INFO: [ app_init ] --START--
INFO: Run Behavior\BuildLiteBehavior [ RunTime:0.000012s ]
INFO: [ app_init ] --END-- [ RunTime:0.000076s ]
INFO: [ app_begin ] --START--
INFO: Run Behavior\ReadHtmlCacheBehavior [ RunTime:0.000035s ]
INFO: [ app_begin ] --END-- [ RunTime:0.000076s ]
NOTIC: [2] include(/Volumes/Presentation/Users/aike/Web/webtest/thinktest/Frame/Org\Util\Arr.php): failed to open stream: No such file or directory /Volumes/Presentation/Users/aike/Web/webtest/thinktest/Frame/Library/Think/Think.class.php 第 151 行.
NOTIC: [2] include(): Failed opening '/Volumes/Presentation/Users/aike/Web/webtest/thinktest/Frame/Org\Util\Arr.php' for inclusion (include_path='.:') /Volumes/Presentation/Users/aike/Web/webtest/thinktest/Frame/Library/Think/Think.class.php 第 151 行.
ERR: Class 'Org\Util\Arr' not found

[ 2016-10-11T11:08:15+08:00 ] 127.0.0.1 /config-testNamesAuth
INFO: [ app_init ] --START--
INFO: Run Behavior\BuildLiteBehavior [ RunTime:0.000013s ]
INFO: [ app_init ] --END-- [ RunTime:0.000093s ]
INFO: [ app_begin ] --START--
INFO: Run Behavior\ReadHtmlCacheBehavior [ RunTime:0.000042s ]
INFO: [ app_begin ] --END-- [ RunTime:0.000088s ]
NOTIC: [2] include(/Volumes/Presentation/Users/aike/Web/webtest/thinktest/Frame/Org\Util\Arr.php): failed to open stream: No such file or directory /Volumes/Presentation/Users/aike/Web/webtest/thinktest/Frame/Library/Think/Think.class.php 第 151 行.
NOTIC: [2] include(): Failed opening '/Volumes/Presentation/Users/aike/Web/webtest/thinktest/Frame/Org\Util\Arr.php' for inclusion (include_path='.:') /Volumes/Presentation/Users/aike/Web/webtest/thinktest/Frame/Library/Think/Think.class.php 第 151 行.
ERR: Class 'Org\Util\Arr' not found

[ 2016-10-11T11:08:17+08:00 ] 127.0.0.1 /config-testNamesAuth
INFO: [ app_init ] --START--
INFO: Run Behavior\BuildLiteBehavior [ RunTime:0.000012s ]
INFO: [ app_init ] --END-- [ RunTime:0.000079s ]
INFO: [ app_begin ] --START--
INFO: Run Behavior\ReadHtmlCacheBehavior [ RunTime:0.000035s ]
INFO: [ app_begin ] --END-- [ RunTime:0.000081s ]
NOTIC: [2] include(/Volumes/Presentation/Users/aike/Web/webtest/thinktest/Frame/Org\Util\Arr.php): failed to open stream: No such file or directory /Volumes/Presentation/Users/aike/Web/webtest/thinktest/Frame/Library/Think/Think.class.php 第 151 行.
NOTIC: [2] include(): Failed opening '/Volumes/Presentation/Users/aike/Web/webtest/thinktest/Frame/Org\Util\Arr.php' for inclusion (include_path='.:') /Volumes/Presentation/Users/aike/Web/webtest/thinktest/Frame/Library/Think/Think.class.php 第 151 行.
ERR: Class 'Org\Util\Arr' not found

[ 2016-10-11T11:08:41+08:00 ] 127.0.0.1 /config-testNamesAuth
INFO: [ app_init ] --START--
INFO: Run Behavior\BuildLiteBehavior [ RunTime:0.000012s ]
INFO: [ app_init ] --END-- [ RunTime:0.000079s ]
INFO: [ app_begin ] --START--
INFO: Run Behavior\ReadHtmlCacheBehavior [ RunTime:0.000053s ]
INFO: [ app_begin ] --END-- [ RunTime:0.000114s ]
ERR: Class 'Home\Controller\Org\Util\Arr' not found

[ 2016-10-11T11:08:47+08:00 ] 127.0.0.1 /config-testNamesAuth
INFO: [ app_init ] --START--
INFO: Run Behavior\BuildLiteBehavior [ RunTime:0.000013s ]
INFO: [ app_init ] --END-- [ RunTime:0.000091s ]
INFO: [ app_begin ] --START--
INFO: Run Behavior\ReadHtmlCacheBehavior [ RunTime:0.000040s ]
INFO: [ app_begin ] --END-- [ RunTime:0.000085s ]
NOTIC: [2] include(/Volumes/Presentation/Users/aike/Web/webtest/thinktest/Frame/Org\Util\Arr.php): failed to open stream: No such file or directory /Volumes/Presentation/Users/aike/Web/webtest/thinktest/Frame/Library/Think/Think.class.php 第 151 行.
NOTIC: [2] include(): Failed opening '/Volumes/Presentation/Users/aike/Web/webtest/thinktest/Frame/Org\Util\Arr.php' for inclusion (include_path='.:') /Volumes/Presentation/Users/aike/Web/webtest/thinktest/Frame/Library/Think/Think.class.php 第 151 行.
ERR: Class 'Org\Util\Arr' not found

[ 2016-10-11T11:09:26+08:00 ] 127.0.0.1 /config-testNamesAuth
INFO: [ app_init ] --START--
INFO: Run Behavior\BuildLiteBehavior [ RunTime:0.000013s ]
INFO: [ app_init ] --END-- [ RunTime:0.000093s ]
INFO: [ app_begin ] --START--
INFO: Run Behavior\ReadHtmlCacheBehavior [ RunTime:0.000055s ]
INFO: [ app_begin ] --END-- [ RunTime:0.000115s ]
INFO: [ app_end ] --START--
INFO: Run Behavior\ShowPageTraceBehavior [ RunTime:0.000034s ]
INFO: [ app_end ] --END-- [ RunTime:0.000077s ]

[ 2016-10-11T11:22:37+08:00 ] 127.0.0.1 /config-testNamesAuth
INFO: [ app_init ] --START--
INFO: Run Behavior\BuildLiteBehavior [ RunTime:0.000011s ]
INFO: [ app_init ] --END-- [ RunTime:0.000120s ]
INFO: [ app_begin ] --START--
INFO: Run Behavior\ReadHtmlCacheBehavior [ RunTime:0.000042s ]
INFO: [ app_begin ] --END-- [ RunTime:0.000090s ]
INFO: [ app_end ] --START--
INFO: Run Behavior\ShowPageTraceBehavior [ RunTime:0.000035s ]
INFO: [ app_end ] --END-- [ RunTime:0.000112s ]

[ 2016-10-11T11:22:38+08:00 ] 127.0.0.1 /config-testNamesAuth
INFO: [ app_init ] --START--
INFO: Run Behavior\BuildLiteBehavior [ RunTime:0.000012s ]
INFO: [ app_init ] --END-- [ RunTime:0.000077s ]
INFO: [ app_begin ] --START--
INFO: Run Behavior\ReadHtmlCacheBehavior [ RunTime:0.000035s ]
INFO: [ app_begin ] --END-- [ RunTime:0.000079s ]
INFO: [ app_end ] --START--
INFO: Run Behavior\ShowPageTraceBehavior [ RunTime:0.000032s ]
INFO: [ app_end ] --END-- [ RunTime:0.000075s ]

[ 2016-10-11T11:22:39+08:00 ] 127.0.0.1 /config-testNamesAuth
INFO: [ app_init ] --START--
INFO: Run Behavior\BuildLiteBehavior [ RunTime:0.000013s ]
INFO: [ app_init ] --END-- [ RunTime:0.000079s ]
INFO: [ app_begin ] --START--
INFO: Run Behavior\ReadHtmlCacheBehavior [ RunTime:0.000035s ]
INFO: [ app_begin ] --END-- [ RunTime:0.000081s ]
INFO: [ app_end ] --START--
INFO: Run Behavior\ShowPageTraceBehavior [ RunTime:0.000032s ]
INFO: [ app_end ] --END-- [ RunTime:0.000076s ]

[ 2016-10-11T11:22:40+08:00 ] 127.0.0.1 /config-testNamesAuth
INFO: [ app_init ] --START--
INFO: Run Behavior\BuildLiteBehavior [ RunTime:0.000012s ]
INFO: [ app_init ] --END-- [ RunTime:0.000088s ]
INFO: [ app_begin ] --START--
INFO: Run Behavior\ReadHtmlCacheBehavior [ RunTime:0.000041s ]
INFO: [ app_begin ] --END-- [ RunTime:0.000085s ]
INFO: [ app_end ] --START--
INFO: Run Behavior\ShowPageTraceBehavior [ RunTime:0.000035s ]
INFO: [ app_end ] --END-- [ RunTime:0.000079s ]

[ 2016-10-11T11:22:41+08:00 ] 127.0.0.1 /config-testNamesAuth
INFO: [ app_init ] --START--
INFO: Run Behavior\BuildLiteBehavior [ RunTime:0.000013s ]
INFO: [ app_init ] --END-- [ RunTime:0.000080s ]
INFO: [ app_begin ] --START--
INFO: Run Behavior\ReadHtmlCacheBehavior [ RunTime:0.000035s ]
INFO: [ app_begin ] --END-- [ RunTime:0.000082s ]
INFO: [ app_end ] --START--
INFO: Run Behavior\ShowPageTraceBehavior [ RunTime:0.000032s ]
INFO: [ app_end ] --END-- [ RunTime:0.000078s ]

[ 2016-10-11T11:22:42+08:00 ] 127.0.0.1 /config-testNamesAuth
INFO: [ app_init ] --START--
INFO: Run Behavior\BuildLiteBehavior [ RunTime:0.000012s ]
INFO: [ app_init ] --END-- [ RunTime:0.000080s ]
INFO: [ app_begin ] --START--
INFO: Run Behavior\ReadHtmlCacheBehavior [ RunTime:0.000035s ]
INFO: [ app_begin ] --END-- [ RunTime:0.000080s ]
INFO: [ app_end ] --START--
INFO: Run Behavior\ShowPageTraceBehavior [ RunTime:0.000031s ]
INFO: [ app_end ] --END-- [ RunTime:0.000076s ]

[ 2016-10-11T11:23:15+08:00 ] 127.0.0.1 /config-testNamesAuth
INFO: [ app_init ] --START--
INFO: Run Behavior\BuildLiteBehavior [ RunTime:0.000013s ]
INFO: [ app_init ] --END-- [ RunTime:0.000089s ]
INFO: [ app_begin ] --START--
INFO: Run Behavior\ReadHtmlCacheBehavior [ RunTime:0.000042s ]
INFO: [ app_begin ] --END-- [ RunTime:0.000101s ]
ERR: Class 'Home\Controller\Auth' not found

[ 2016-10-11T11:24:45+08:00 ] 127.0.0.1 /config-testNamesAuth
INFO: [ app_init ] --START--
INFO: Run Behavior\BuildLiteBehavior [ RunTime:0.000013s ]
INFO: [ app_init ] --END-- [ RunTime:0.000091s ]
INFO: [ app_begin ] --START--
INFO: Run Behavior\ReadHtmlCacheBehavior [ RunTime:0.000041s ]
INFO: [ app_begin ] --END-- [ RunTime:0.000085s ]
ERR: Class 'Home\Controller\Auth' not found

[ 2016-10-11T11:24:47+08:00 ] 127.0.0.1 /config-testNamesAuth
INFO: [ app_init ] --START--
INFO: Run Behavior\BuildLiteBehavior [ RunTime:0.000012s ]
INFO: [ app_init ] --END-- [ RunTime:0.000079s ]
INFO: [ app_begin ] --START--
INFO: Run Behavior\ReadHtmlCacheBehavior [ RunTime:0.000035s ]
INFO: [ app_begin ] --END-- [ RunTime:0.000080s ]
ERR: Class 'Home\Controller\Auth' not found

[ 2016-10-11T14:21:50+08:00 ] 127.0.0.1 /config-testNamesAuth
INFO: [ app_init ] --START--
INFO: Run Behavior\BuildLiteBehavior [ RunTime:0.000015s ]
INFO: [ app_init ] --END-- [ RunTime:0.000290s ]
INFO: [ app_begin ] --START--
INFO: Run Behavior\ReadHtmlCacheBehavior [ RunTime:0.000044s ]
INFO: [ app_begin ] --END-- [ RunTime:0.000097s ]
ERR: Class 'Home\Controller\Arr' not found

[ 2016-10-11T14:25:56+08:00 ] 127.0.0.1 /config-testNamesAuth
INFO: [ app_init ] --START--
INFO: Run Behavior\BuildLiteBehavior [ RunTime:0.000014s ]
INFO: [ app_init ] --END-- [ RunTime:0.000093s ]
INFO: [ app_begin ] --START--
INFO: Run Behavior\ReadHtmlCacheBehavior [ RunTime:0.000038s ]
INFO: [ app_begin ] --END-- [ RunTime:0.000082s ]
INFO: [ app_end ] --START--
INFO: Run Behavior\ShowPageTraceBehavior [ RunTime:0.000037s ]
INFO: [ app_end ] --END-- [ RunTime:0.000084s ]

[ 2016-10-11T14:26:05+08:00 ] 127.0.0.1 /config-testNamesAuth
INFO: [ app_init ] --START--
INFO: Run Behavior\BuildLiteBehavior [ RunTime:0.000016s ]
INFO: [ app_init ] --END-- [ RunTime:0.000200s ]
INFO: [ app_begin ] --START--
INFO: Run Behavior\ReadHtmlCacheBehavior [ RunTime:0.000040s ]
INFO: [ app_begin ] --END-- [ RunTime:0.000087s ]
INFO: [ app_end ] --START--
INFO: Run Behavior\ShowPageTraceBehavior [ RunTime:0.000038s ]
INFO: [ app_end ] --END-- [ RunTime:0.000085s ]

[ 2016-10-11T14:29:30+08:00 ] 127.0.0.1 /config-testNamesAuth
INFO: [ app_init ] --START--
INFO: Run Behavior\BuildLiteBehavior [ RunTime:0.000011s ]
INFO: [ app_init ] --END-- [ RunTime:0.000083s ]
INFO: [ app_begin ] --START--
INFO: Run Behavior\ReadHtmlCacheBehavior [ RunTime:0.000037s ]
INFO: [ app_begin ] --END-- [ RunTime:0.000080s ]
ERR: Class 'Test' not found

[ 2016-10-11T14:30:04+08:00 ] 127.0.0.1 /config-testNamesAuth
INFO: [ app_init ] --START--
INFO: Run Behavior\BuildLiteBehavior [ RunTime:0.000011s ]
INFO: [ app_init ] --END-- [ RunTime:0.000079s ]
INFO: [ app_begin ] --START--
INFO: Run Behavior\ReadHtmlCacheBehavior [ RunTime:0.000035s ]
INFO: [ app_begin ] --END-- [ RunTime:0.000077s ]
INFO: [ app_end ] --START--
INFO: Run Behavior\ShowPageTraceBehavior [ RunTime:0.000053s ]
INFO: [ app_end ] --END-- [ RunTime:0.000107s ]

[ 2016-10-11T14:31:11+08:00 ] 127.0.0.1 /config-testNamesAuth
INFO: [ app_init ] --START--
INFO: Run Behavior\BuildLiteBehavior [ RunTime:0.000014s ]
INFO: [ app_init ] --END-- [ RunTime:0.000100s ]
INFO: [ app_begin ] --START--
INFO: Run Behavior\ReadHtmlCacheBehavior [ RunTime:0.000044s ]
INFO: [ app_begin ] --END-- [ RunTime:0.000092s ]
INFO: [ app_end ] --START--
INFO: Run Behavior\ShowPageTraceBehavior [ RunTime:0.000042s ]
INFO: [ app_end ] --END-- [ RunTime:0.000094s ]

[ 2016-10-11T14:31:32+08:00 ] 127.0.0.1 /config-testNamesAuth
INFO: [ app_init ] --START--
INFO: Run Behavior\BuildLiteBehavior [ RunTime:0.000012s ]
INFO: [ app_init ] --END-- [ RunTime:0.000086s ]
INFO: [ app_begin ] --START--
INFO: Run Behavior\ReadHtmlCacheBehavior [ RunTime:0.000044s ]
INFO: [ app_begin ] --END-- [ RunTime:0.000092s ]
INFO: [ app_end ] --START--
INFO: Run Behavior\ShowPageTraceBehavior [ RunTime:0.000046s ]
INFO: [ app_end ] --END-- [ RunTime:0.000097s ]

[ 2016-10-11T14:31:34+08:00 ] 127.0.0.1 /config-testNamesAuth
INFO: [ app_init ] --START--
INFO: Run Behavior\BuildLiteBehavior [ RunTime:0.000011s ]
INFO: [ app_init ] --END-- [ RunTime:0.000069s ]
INFO: [ app_begin ] --START--
INFO: Run Behavior\ReadHtmlCacheBehavior [ RunTime:0.000030s ]
INFO: [ app_begin ] --END-- [ RunTime:0.000071s ]
INFO: [ app_end ] --START--
INFO: Run Behavior\ShowPageTraceBehavior [ RunTime:0.000027s ]
INFO: [ app_end ] --END-- [ RunTime:0.000084s ]

[ 2016-10-11T14:31:44+08:00 ] 127.0.0.1 /config-testNamesAuth
INFO: [ app_init ] --START--
INFO: Run Behavior\BuildLiteBehavior [ RunTime:0.000013s ]
INFO: [ app_init ] --END-- [ RunTime:0.000092s ]
INFO: [ app_begin ] --START--
INFO: Run Behavior\ReadHtmlCacheBehavior [ RunTime:0.000038s ]
INFO: [ app_begin ] --END-- [ RunTime:0.000082s ]
INFO: [ app_end ] --START--
INFO: Run Behavior\ShowPageTraceBehavior [ RunTime:0.000036s ]
INFO: [ app_end ] --END-- [ RunTime:0.000081s ]

[ 2016-10-11T14:31:51+08:00 ] 127.0.0.1 /config-testNamesAuth
INFO: [ app_init ] --START--
INFO: Run Behavior\BuildLiteBehavior [ RunTime:0.000016s ]
INFO: [ app_init ] --END-- [ RunTime:0.000120s ]
INFO: [ app_begin ] --START--
INFO: Run Behavior\ReadHtmlCacheBehavior [ RunTime:0.000047s ]
INFO: [ app_begin ] --END-- [ RunTime:0.000107s ]
INFO: [ app_end ] --START--
INFO: Run Behavior\ShowPageTraceBehavior [ RunTime:0.000046s ]
INFO: [ app_end ] --END-- [ RunTime:0.000109s ]

[ 2016-10-11T14:32:13+08:00 ] 127.0.0.1 /config-testNamesAuth
INFO: [ app_init ] --START--
INFO: Run Behavior\BuildLiteBehavior [ RunTime:0.000011s ]
INFO: [ app_init ] --END-- [ RunTime:0.000093s ]
INFO: [ app_begin ] --START--
INFO: Run Behavior\ReadHtmlCacheBehavior [ RunTime:0.000035s ]
INFO: [ app_begin ] --END-- [ RunTime:0.000075s ]
NOTIC: [4096] Object of class Arr could not be converted to string /Volumes/Presentation/Users/aike/Web/webtest/thinktest/App/Home/Controller/ConfigController.class.php 第 59 行.
INFO: [ app_end ] --START--
INFO: Run Behavior\ShowPageTraceBehavior [ RunTime:0.000035s ]
INFO: [ app_end ] --END-- [ RunTime:0.000074s ]

[ 2016-10-11T14:32:14+08:00 ] 127.0.0.1 /config-testNamesAuth
INFO: [ app_init ] --START--
INFO: Run Behavior\BuildLiteBehavior [ RunTime:0.000014s ]
INFO: [ app_init ] --END-- [ RunTime:0.000087s ]
INFO: [ app_begin ] --START--
INFO: Run Behavior\ReadHtmlCacheBehavior [ RunTime:0.000043s ]
INFO: [ app_begin ] --END-- [ RunTime:0.000097s ]
NOTIC: [4096] Object of class Arr could not be converted to string /Volumes/Presentation/Users/aike/Web/webtest/thinktest/App/Home/Controller/ConfigController.class.php 第 59 行.
INFO: [ app_end ] --START--
INFO: Run Behavior\ShowPageTraceBehavior [ RunTime:0.000034s ]
INFO: [ app_end ] --END-- [ RunTime:0.000077s ]

[ 2016-10-11T14:32:31+08:00 ] 127.0.0.1 /config-testNamesAuth
INFO: [ app_init ] --START--
INFO: Run Behavior\BuildLiteBehavior [ RunTime:0.000011s ]
INFO: [ app_init ] --END-- [ RunTime:0.000082s ]
INFO: [ app_begin ] --START--
INFO: Run Behavior\ReadHtmlCacheBehavior [ RunTime:0.000037s ]
INFO: [ app_begin ] --END-- [ RunTime:0.000082s ]
INFO: [ app_end ] --START--
INFO: Run Behavior\ShowPageTraceBehavior [ RunTime:0.000075s ]
INFO: [ app_end ] --END-- [ RunTime:0.000149s ]

[ 2016-10-11T14:32:46+08:00 ] 127.0.0.1 /config-testNamesAuth
INFO: [ app_init ] --START--
INFO: Run Behavior\BuildLiteBehavior [ RunTime:0.000011s ]
INFO: [ app_init ] --END-- [ RunTime:0.000083s ]
INFO: [ app_begin ] --START--
INFO: Run Behavior\ReadHtmlCacheBehavior [ RunTime:0.000036s ]
INFO: [ app_begin ] --END-- [ RunTime:0.000077s ]
INFO: [ app_end ] --START--
INFO: Run Behavior\ShowPageTraceBehavior [ RunTime:0.000040s ]
INFO: [ app_end ] --END-- [ RunTime:0.000115s ]

[ 2016-10-11T14:32:48+08:00 ] 127.0.0.1 /config-testNamesAuth
INFO: [ app_init ] --START--
INFO: Run Behavior\BuildLiteBehavior [ RunTime:0.000014s ]
INFO: [ app_init ] --END-- [ RunTime:0.000092s ]
INFO: [ app_begin ] --START--
INFO: Run Behavior\ReadHtmlCacheBehavior [ RunTime:0.000042s ]
INFO: [ app_begin ] --END-- [ RunTime:0.000094s ]
INFO: [ app_end ] --START--
INFO: Run Behavior\ShowPageTraceBehavior [ RunTime:0.000038s ]
INFO: [ app_end ] --END-- [ RunTime:0.000090s ]

[ 2016-10-11T14:33:03+08:00 ] 127.0.0.1 /config-testNamesAuth
INFO: [ app_init ] --START--
INFO: Run Behavior\BuildLiteBehavior [ RunTime:0.000010s ]
INFO: [ app_init ] --END-- [ RunTime:0.000075s ]
INFO: [ app_begin ] --START--
INFO: Run Behavior\ReadHtmlCacheBehavior [ RunTime:0.000035s ]
INFO: [ app_begin ] --END-- [ RunTime:0.000075s ]
INFO: [ app_end ] --START--
INFO: Run Behavior\ShowPageTraceBehavior [ RunTime:0.000045s ]
INFO: [ app_end ] --END-- [ RunTime:0.000087s ]

[ 2016-10-11T14:33:21+08:00 ] 127.0.0.1 /config-testNamesAuth
INFO: [ app_init ] --START--
INFO: Run Behavior\BuildLiteBehavior [ RunTime:0.000013s ]
INFO: [ app_init ] --END-- [ RunTime:0.000092s ]
INFO: [ app_begin ] --START--
INFO: Run Behavior\ReadHtmlCacheBehavior [ RunTime:0.000040s ]
INFO: [ app_begin ] --END-- [ RunTime:0.000085s ]
INFO: [ app_end ] --START--
INFO: Run Behavior\ShowPageTraceBehavior [ RunTime:0.000051s ]
INFO: [ app_end ] --END-- [ RunTime:0.000112s ]

[ 2016-10-11T14:33:43+08:00 ] 127.0.0.1 /config-testNamesAuth
INFO: [ app_init ] --START--
INFO: Run Behavior\BuildLiteBehavior [ RunTime:0.000013s ]
INFO: [ app_init ] --END-- [ RunTime:0.000088s ]
INFO: [ app_begin ] --START--
INFO: Run Behavior\ReadHtmlCacheBehavior [ RunTime:0.000037s ]
INFO: [ app_begin ] --END-- [ RunTime:0.000079s ]
INFO: [ app_end ] --START--
INFO: Run Behavior\ShowPageTraceBehavior [ RunTime:0.000034s ]
INFO: [ app_end ] --END-- [ RunTime:0.000077s ]

[ 2016-10-11T14:33:48+08:00 ] 127.0.0.1 /config-testNamesAuth
INFO: [ app_init ] --START--
INFO: Run Behavior\BuildLiteBehavior [ RunTime:0.000014s ]
INFO: [ app_init ] --END-- [ RunTime:0.000091s ]
INFO: [ app_begin ] --START--
INFO: Run Behavior\ReadHtmlCacheBehavior [ RunTime:0.000069s ]
INFO: [ app_begin ] --END-- [ RunTime:0.000131s ]
INFO: [ app_end ] --START--
INFO: Run Behavior\ShowPageTraceBehavior [ RunTime:0.000043s ]
INFO: [ app_end ] --END-- [ RunTime:0.000094s ]

[ 2016-10-11T14:33:50+08:00 ] 127.0.0.1 /config-testNamesAuth
INFO: [ app_init ] --START--
INFO: Run Behavior\BuildLiteBehavior [ RunTime:0.000012s ]
INFO: [ app_init ] --END-- [ RunTime:0.000081s ]
INFO: [ app_begin ] --START--
INFO: Run Behavior\ReadHtmlCacheBehavior [ RunTime:0.000031s ]
INFO: [ app_begin ] --END-- [ RunTime:0.000071s ]
INFO: [ app_end ] --START--
INFO: Run Behavior\ShowPageTraceBehavior [ RunTime:0.000028s ]
INFO: [ app_end ] --END-- [ RunTime:0.000071s ]

[ 2016-10-11T14:34:08+08:00 ] 127.0.0.1 /config-testNamesAuth
INFO: [ app_init ] --START--
INFO: Run Behavior\BuildLiteBehavior [ RunTime:0.000013s ]
INFO: [ app_init ] --END-- [ RunTime:0.000091s ]
INFO: [ app_begin ] --START--
INFO: Run Behavior\ReadHtmlCacheBehavior [ RunTime:0.000040s ]
INFO: [ app_begin ] --END-- [ RunTime:0.000085s ]
INFO: [ app_end ] --START--
INFO: Run Behavior\ShowPageTraceBehavior [ RunTime:0.000047s ]
INFO: [ app_end ] --END-- [ RunTime:0.000094s ]

[ 2016-10-11T14:36:27+08:00 ] 127.0.0.1 /config-testNamesAuth
INFO: [ app_init ] --START--
INFO: Run Behavior\BuildLiteBehavior [ RunTime:0.000011s ]
INFO: [ app_init ] --END-- [ RunTime:0.000079s ]
INFO: [ app_begin ] --START--
INFO: Run Behavior\ReadHtmlCacheBehavior [ RunTime:0.000035s ]
INFO: [ app_begin ] --END-- [ RunTime:0.000076s ]
INFO: [ app_end ] --START--
INFO: Run Behavior\ShowPageTraceBehavior [ RunTime:0.000039s ]
INFO: [ app_end ] --END-- [ RunTime:0.000084s ]

[ 2016-10-11T14:36:28+08:00 ] 127.0.0.1 /config-testNamesAuth
INFO: [ app_init ] --START--
INFO: Run Behavior\BuildLiteBehavior [ RunTime:0.000011s ]
INFO: [ app_init ] --END-- [ RunTime:0.000070s ]
INFO: [ app_begin ] --START--
INFO: Run Behavior\ReadHtmlCacheBehavior [ RunTime:0.000029s ]
INFO: [ app_begin ] --END-- [ RunTime:0.000070s ]
INFO: [ app_end ] --START--
INFO: Run Behavior\ShowPageTraceBehavior [ RunTime:0.000028s ]
INFO: [ app_end ] --END-- [ RunTime:0.000068s ]

[ 2016-10-11T14:36:29+08:00 ] 127.0.0.1 /config-testNamesAuth
INFO: [ app_init ] --START--
INFO: Run Behavior\BuildLiteBehavior [ RunTime:0.000012s ]
INFO: [ app_init ] --END-- [ RunTime:0.000076s ]
INFO: [ app_begin ] --START--
INFO: Run Behavior\ReadHtmlCacheBehavior [ RunTime:0.000032s ]
INFO: [ app_begin ] --END-- [ RunTime:0.000075s ]
INFO: [ app_end ] --START--
INFO: Run Behavior\ShowPageTraceBehavior [ RunTime:0.000029s ]
INFO: [ app_end ] --END-- [ RunTime:0.000071s ]

[ 2016-10-11T14:37:13+08:00 ] 127.0.0.1 /config-testNamesAuth
INFO: [ app_init ] --START--
INFO: Run Behavior\BuildLiteBehavior [ RunTime:0.000011s ]
INFO: [ app_init ] --END-- [ RunTime:0.000078s ]
INFO: [ app_begin ] --START--
INFO: Run Behavior\ReadHtmlCacheBehavior [ RunTime:0.000034s ]
INFO: [ app_begin ] --END-- [ RunTime:0.000075s ]
INFO: [ app_end ] --START--
INFO: Run Behavior\ShowPageTraceBehavior [ RunTime:0.000033s ]
INFO: [ app_end ] --END-- [ RunTime:0.000077s ]

