[ 2016-10-10T10:40:26+08:00 ] 127.0.0.1 /index/shuchu
ERR: 无法加载模块:Index

[ 2016-10-10T10:40:44+08:00 ] 127.0.0.1 /index/shuchu
ERR: 无法加载模块:Index

[ 2016-10-10T10:40:47+08:00 ] 127.0.0.1 /index/shuchu
ERR: 无法加载模块:Index

[ 2016-10-10T10:40:55+08:00 ] 127.0.0.1 /index/shuchu
ERR: 无法加载模块:Index

[ 2016-10-10T10:41:14+08:00 ] 127.0.0.1 /index/shuchu
ERR: 无法加载模块:Index

[ 2016-10-10T10:41:30+08:00 ] 127.0.0.1 /index/shuchu
ERR: 无法加载模块:Index

[ 2016-10-10T10:43:00+08:00 ] 127.0.0.1 /index/shuchu
ERR: 无法加载模块:Index

[ 2016-10-10T10:43:03+08:00 ] 127.0.0.1 /index/shuchu
ERR: 无法加载模块:Index

[ 2016-10-10T11:06:05+08:00 ] 127.0.0.1 /index/shuchu
INFO: [ app_init ] --START--
INFO: Run Behavior\BuildLiteBehavior [ RunTime:0.000012s ]
INFO: [ app_init ] --END-- [ RunTime:0.000124s ]
ERR: 无法加载模块:Index

[ 2016-10-10T11:22:57+08:00 ] 127.0.0.1 /index.php/home/index/shuchu/id/4564/page/455
INFO: [ app_init ] --START--
INFO: Run Behavior\BuildLiteBehavior [ RunTime:0.000012s ]
INFO: [ app_init ] --END-- [ RunTime:0.000090s ]
ERR: 无法加载模块:Index.php

[ 2016-10-10T11:23:02+08:00 ] 127.0.0.1 /index.php/home/index/shuchu/id/4564/page/455
INFO: [ app_init ] --START--
INFO: Run Behavior\BuildLiteBehavior [ RunTime:0.000013s ]
INFO: [ app_init ] --END-- [ RunTime:0.000091s ]
ERR: 无法加载模块:Index.php

[ 2016-10-10T11:23:08+08:00 ] 127.0.0.1 /index.php/home/index/shuchu/id/4564/page/455
INFO: [ app_init ] --START--
INFO: Run Behavior\BuildLiteBehavior [ RunTime:0.000013s ]
INFO: [ app_init ] --END-- [ RunTime:0.000094s ]
ERR: 无法加载模块:Index.php

[ 2016-10-10T11:23:14+08:00 ] 127.0.0.1 /index.php/home/index/shuchu/id/4564/page/455
INFO: [ app_init ] --START--
INFO: Run Behavior\BuildLiteBehavior [ RunTime:0.000013s ]
INFO: [ app_init ] --END-- [ RunTime:0.000093s ]
ERR: 无法加载模块:Index.php

[ 2016-10-10T11:23:23+08:00 ] 127.0.0.1 /index.php/home/index/shuchu/id/4564/page/455
INFO: [ app_init ] --START--
INFO: Run Behavior\BuildLiteBehavior [ RunTime:0.000012s ]
INFO: [ app_init ] --END-- [ RunTime:0.000092s ]
ERR: 无法加载模块:Index.php

[ 2016-10-10T11:23:29+08:00 ] 127.0.0.1 /index.php/home/index/shuchu/id/4564/page/455
INFO: [ app_init ] --START--
INFO: Run Behavior\BuildLiteBehavior [ RunTime:0.000013s ]
INFO: [ app_init ] --END-- [ RunTime:0.000095s ]
ERR: 无法加载模块:Index.php

[ 2016-10-10T11:27:49+08:00 ] 127.0.0.1 /index.php/home/index/shuchu/id/4564/page/455
INFO: [ app_init ] --START--
INFO: Run Behavior\BuildLiteBehavior [ RunTime:0.000012s ]
INFO: [ app_init ] --END-- [ RunTime:0.000091s ]
ERR: 无法加载模块:Index.php

[ 2016-10-10T11:30:13+08:00 ] 127.0.0.1 /index/shuchu?id=4564&page=455
INFO: [ app_init ] --START--
INFO: Run Behavior\BuildLiteBehavior [ RunTime:0.000014s ]
INFO: [ app_init ] --END-- [ RunTime:0.000091s ]
ERR: 无法加载模块:Index

[ 2016-10-10T11:30:31+08:00 ] 127.0.0.1 /index/shuchu?id=4564&page=455
INFO: [ app_init ] --START--
INFO: Run Behavior\BuildLiteBehavior [ RunTime:0.000013s ]
INFO: [ app_init ] --END-- [ RunTime:0.000091s ]
ERR: 无法加载模块:Index

[ 2016-10-10T14:10:05+08:00 ] 127.0.0.1 /index/shuchu?id=4564&page=455
INFO: [ app_init ] --START--
INFO: Run Behavior\BuildLiteBehavior [ RunTime:0.000016s ]
INFO: [ app_init ] --END-- [ RunTime:0.000305s ]
ERR: 无法加载模块:Index

[ 2016-10-10T14:13:41+08:00 ] 127.0.0.1 /Admin/index/shuchu?id=4564&page=455
INFO: [ app_init ] --START--
INFO: Run Behavior\BuildLiteBehavior [ RunTime:0.000013s ]
INFO: [ app_init ] --END-- [ RunTime:0.000090s ]
ERR: 无法加载模块:Admin

[ 2016-10-10T14:14:40+08:00 ] 127.0.0.1 /Admin/index/shuchu?id=4564&page=455
INFO: [ app_init ] --START--
INFO: Run Behavior\BuildLiteBehavior [ RunTime:0.000013s ]
INFO: [ app_init ] --END-- [ RunTime:0.000094s ]
ERR: 无法加载模块:Admin

[ 2016-10-10T14:28:04+08:00 ] 127.0.0.1 /index/
INFO: [ app_init ] --START--
INFO: Run Behavior\BuildLiteBehavior [ RunTime:0.000013s ]
INFO: [ app_init ] --END-- [ RunTime:0.000088s ]
ERR: 无法加载模块:Index

[ 2016-10-10T14:28:41+08:00 ] 127.0.0.1 /index/
INFO: [ app_init ] --START--
INFO: Run Behavior\BuildLiteBehavior [ RunTime:0.000013s ]
INFO: [ app_init ] --END-- [ RunTime:0.000094s ]
ERR: 无法加载模块:Index

[ 2016-10-10T14:29:45+08:00 ] 127.0.0.1 /love/activeconfig
INFO: [ app_init ] --START--
INFO: Run Behavior\BuildLiteBehavior [ RunTime:0.000013s ]
INFO: [ app_init ] --END-- [ RunTime:0.000093s ]
ERR: 无法加载模块:Love

[ 2016-10-10T14:30:06+08:00 ] 127.0.0.1 /love/activeconfig
INFO: [ app_init ] --START--
INFO: Run Behavior\BuildLiteBehavior [ RunTime:0.000013s ]
INFO: [ app_init ] --END-- [ RunTime:0.000096s ]
ERR: 无法加载模块:Love

[ 2016-10-10T15:52:24+08:00 ] 127.0.0.1 /index/index
INFO: [ app_init ] --START--
INFO: Run Behavior\BuildLiteBehavior [ RunTime:0.000013s ]
INFO: [ app_init ] --END-- [ RunTime:0.000144s ]
ERR: 无法加载模块:Index

[ 2016-10-10T15:52:33+08:00 ] 127.0.0.1 /home%E3%80%81index/index
INFO: [ app_init ] --START--
INFO: Run Behavior\BuildLiteBehavior [ RunTime:0.000012s ]
INFO: [ app_init ] --END-- [ RunTime:0.000102s ]
ERR: 无法加载模块:Home、index

[ 2016-10-10T15:54:18+08:00 ] 127.0.0.1 /index/index
INFO: [ app_init ] --START--
INFO: Run Behavior\BuildLiteBehavior [ RunTime:0.000012s ]
INFO: [ app_init ] --END-- [ RunTime:0.000087s ]
ERR: 无法加载模块:Index

[ 2016-10-10T15:54:32+08:00 ] 127.0.0.1 /admin.php/admin/index/index
INFO: [ app_init ] --START--
INFO: Run Behavior\BuildLiteBehavior [ RunTime:0.000012s ]
INFO: [ app_init ] --END-- [ RunTime:0.000079s ]
ERR: 无法加载模块:Admin.php

